2018-07-30 12:06:23 DEBUG --- [main] (StartupInfoLogger.java:53) Running with Spring Boot v2.0.3.RELEASE, Spring v5.0.7.RELEASE
2018-07-30 12:07:19 DEBUG --- [main] (StartupInfoLogger.java:53) Running with Spring Boot v2.0.3.RELEASE, Spring v5.0.7.RELEASE
2018-07-30 12:07:26 DEBUG --- [main] (Slf4JLogger.java:71) Using SLF4J as the default logging framework
2018-07-30 12:07:26 DEBUG --- [main] (Slf4JLogger.java:76) -Dio.netty.eventLoopThreads: 4
2018-07-30 12:07:26 DEBUG --- [main] (Slf4JLogger.java:81) -Dio.netty.leakDetection.level: simple
2018-07-30 12:07:26 DEBUG --- [main] (Slf4JLogger.java:81) -Dio.netty.leakDetection.targetRecords: 4
2018-07-30 12:07:26 DEBUG --- [main] (Slf4JLogger.java:71) Platform: Windows
2018-07-30 12:07:26 DEBUG --- [main] (Slf4JLogger.java:76) -Dio.netty.noUnsafe: false
2018-07-30 12:07:26 DEBUG --- [main] (Slf4JLogger.java:76) Java version: 8
2018-07-30 12:07:26 DEBUG --- [main] (Slf4JLogger.java:71) sun.misc.Unsafe.theUnsafe: available
2018-07-30 12:07:26 DEBUG --- [main] (Slf4JLogger.java:71) sun.misc.Unsafe.copyMemory: available
2018-07-30 12:07:26 DEBUG --- [main] (Slf4JLogger.java:71) java.nio.Buffer.address: available
2018-07-30 12:07:26 DEBUG --- [main] (Slf4JLogger.java:71) direct buffer constructor: available
2018-07-30 12:07:26 DEBUG --- [main] (Slf4JLogger.java:76) java.nio.Bits.unaligned: available, true
2018-07-30 12:07:26 DEBUG --- [main] (Slf4JLogger.java:71) jdk.internal.misc.Unsafe.allocateUninitializedArray(int): unavailable prior to Java9
2018-07-30 12:07:26 DEBUG --- [main] (Slf4JLogger.java:76) java.nio.DirectByteBuffer.<init>(long, int): available
2018-07-30 12:07:26 DEBUG --- [main] (Slf4JLogger.java:76) sun.misc.Unsafe: available
2018-07-30 12:07:26 DEBUG --- [main] (Slf4JLogger.java:76) -Dio.netty.tmpdir: C:\Users\Think\AppData\Local\Temp (java.io.tmpdir)
2018-07-30 12:07:26 DEBUG --- [main] (Slf4JLogger.java:76) -Dio.netty.bitMode: 64 (sun.arch.data.model)
2018-07-30 12:07:26 DEBUG --- [main] (Slf4JLogger.java:76) -Dio.netty.noPreferDirect: false
2018-07-30 12:07:26 DEBUG --- [main] (Slf4JLogger.java:76) -Dio.netty.maxDirectMemory: 1836580864 bytes
2018-07-30 12:07:26 DEBUG --- [main] (Slf4JLogger.java:76) -Dio.netty.uninitializedArrayAllocationThreshold: -1
2018-07-30 12:07:26 DEBUG --- [main] (Slf4JLogger.java:71) java.nio.ByteBuffer.cleaner(): available
2018-07-30 12:07:26 DEBUG --- [main] (Slf4JLogger.java:76) Loaded default ResourceLeakDetector: io.netty.util.ResourceLeakDetector@1e6d30c0
2018-07-30 12:07:26 DEBUG --- [main] (Slf4JLogger.java:71) org.jctools-core.MpscChunkedArrayQueue: available
2018-07-30 12:07:26 DEBUG --- [main] (Loggers.java:213) Using Slf4j logging framework
2018-07-30 12:07:26 DEBUG --- [main] (Loggers.java:213) Starting UnsafeSupport init in Java 1.8
2018-07-30 12:07:26 DEBUG --- [main] (Loggers.java:213) Unsafe is available
2018-07-30 12:07:26 DEBUG --- [main] (Slf4JLogger.java:76) -Dio.netty.allocator.numHeapArenas: 8
2018-07-30 12:07:26 DEBUG --- [main] (Slf4JLogger.java:76) -Dio.netty.allocator.numDirectArenas: 8
2018-07-30 12:07:26 DEBUG --- [main] (Slf4JLogger.java:76) -Dio.netty.allocator.pageSize: 8192
2018-07-30 12:07:26 DEBUG --- [main] (Slf4JLogger.java:76) -Dio.netty.allocator.maxOrder: 11
2018-07-30 12:07:26 DEBUG --- [main] (Slf4JLogger.java:76) -Dio.netty.allocator.chunkSize: 16777216
2018-07-30 12:07:26 DEBUG --- [main] (Slf4JLogger.java:76) -Dio.netty.allocator.tinyCacheSize: 512
2018-07-30 12:07:26 DEBUG --- [main] (Slf4JLogger.java:76) -Dio.netty.allocator.smallCacheSize: 256
2018-07-30 12:07:26 DEBUG --- [main] (Slf4JLogger.java:76) -Dio.netty.allocator.normalCacheSize: 64
2018-07-30 12:07:26 DEBUG --- [main] (Slf4JLogger.java:76) -Dio.netty.allocator.maxCachedBufferCapacity: 32768
2018-07-30 12:07:26 DEBUG --- [main] (Slf4JLogger.java:76) -Dio.netty.allocator.cacheTrimInterval: 8192
2018-07-30 12:07:26 DEBUG --- [main] (Slf4JLogger.java:76) -Dio.netty.allocator.useCacheForAllThreads: true
2018-07-30 12:07:26 DEBUG --- [main] (Slf4JLogger.java:76) -Dio.netty.threadLocalMap.stringBuilder.initialSize: 1024
2018-07-30 12:07:26 DEBUG --- [main] (Slf4JLogger.java:76) -Dio.netty.threadLocalMap.stringBuilder.maxSize: 4096
2018-08-01 22:48:37 DEBUG --- [main] (StartupInfoLogger.java:53) Running with Spring Boot v2.0.3.RELEASE, Spring v5.0.7.RELEASE
2018-08-01 22:50:00 DEBUG --- [main] (StartupInfoLogger.java:53) Running with Spring Boot v2.0.3.RELEASE, Spring v5.0.7.RELEASE
2018-08-01 22:55:43 DEBUG --- [main] (StartupInfoLogger.java:53) Running with Spring Boot v2.0.3.RELEASE, Spring v5.0.7.RELEASE
2018-08-01 23:14:27 DEBUG --- [main] (StartupInfoLogger.java:53) Running with Spring Boot v2.0.3.RELEASE, Spring v5.0.7.RELEASE
2018-08-01 23:15:28 DEBUG --- [main] (StartupInfoLogger.java:53) Running with Spring Boot v2.0.3.RELEASE, Spring v5.0.7.RELEASE
2018-08-01 23:18:30 DEBUG --- [main] (StartupInfoLogger.java:53) Running with Spring Boot v2.0.3.RELEASE, Spring v5.0.7.RELEASE
2018-08-01 23:19:17 DEBUG --- [main] (StartupInfoLogger.java:53) Running with Spring Boot v2.0.3.RELEASE, Spring v5.0.7.RELEASE
2018-08-01 23:19:34 DEBUG --- [main] (StartupInfoLogger.java:53) Running with Spring Boot v2.0.3.RELEASE, Spring v5.0.7.RELEASE
2018-08-01 23:20:07 DEBUG --- [main] (StartupInfoLogger.java:53) Running with Spring Boot v2.0.3.RELEASE, Spring v5.0.7.RELEASE
2018-08-01 23:22:13 DEBUG --- [main] (StartupInfoLogger.java:53) Running with Spring Boot v2.0.3.RELEASE, Spring v5.0.7.RELEASE
2018-08-01 23:22:45 DEBUG --- [main] (StartupInfoLogger.java:53) Running with Spring Boot v2.0.3.RELEASE, Spring v5.0.7.RELEASE
2018-08-01 23:24:25 DEBUG --- [main] (StartupInfoLogger.java:53) Running with Spring Boot v2.0.3.RELEASE, Spring v5.0.7.RELEASE
2018-08-01 23:28:27 DEBUG --- [main] (StartupInfoLogger.java:53) Running with Spring Boot v2.0.3.RELEASE, Spring v5.0.7.RELEASE
2018-08-01 23:33:12 DEBUG --- [main] (StartupInfoLogger.java:53) Running with Spring Boot v2.0.3.RELEASE, Spring v5.0.7.RELEASE
2018-08-01 23:33:54 DEBUG --- [main] (StartupInfoLogger.java:53) Running with Spring Boot v2.0.3.RELEASE, Spring v5.0.7.RELEASE
2018-08-01 23:37:01 DEBUG --- [main] (StartupInfoLogger.java:53) Running with Spring Boot v2.0.3.RELEASE, Spring v5.0.7.RELEASE
2018-08-01 23:37:07 DEBUG --- [main] (Slf4JLogger.java:71) Using SLF4J as the default logging framework
2018-08-01 23:37:07 DEBUG --- [main] (Slf4JLogger.java:76) -Dio.netty.eventLoopThreads: 4
2018-08-01 23:37:07 DEBUG --- [main] (Slf4JLogger.java:81) -Dio.netty.leakDetection.level: simple
2018-08-01 23:37:07 DEBUG --- [main] (Slf4JLogger.java:81) -Dio.netty.leakDetection.targetRecords: 4
2018-08-01 23:37:07 DEBUG --- [main] (Slf4JLogger.java:71) Platform: Windows
2018-08-01 23:37:07 DEBUG --- [main] (Slf4JLogger.java:76) -Dio.netty.noUnsafe: false
2018-08-01 23:37:07 DEBUG --- [main] (Slf4JLogger.java:76) Java version: 8
2018-08-01 23:37:07 DEBUG --- [main] (Slf4JLogger.java:71) sun.misc.Unsafe.theUnsafe: available
2018-08-01 23:37:07 DEBUG --- [main] (Slf4JLogger.java:71) sun.misc.Unsafe.copyMemory: available
2018-08-01 23:37:07 DEBUG --- [main] (Slf4JLogger.java:71) java.nio.Buffer.address: available
2018-08-01 23:37:07 DEBUG --- [main] (Slf4JLogger.java:71) direct buffer constructor: available
2018-08-01 23:37:07 DEBUG --- [main] (Slf4JLogger.java:76) java.nio.Bits.unaligned: available, true
2018-08-01 23:37:07 DEBUG --- [main] (Slf4JLogger.java:71) jdk.internal.misc.Unsafe.allocateUninitializedArray(int): unavailable prior to Java9
2018-08-01 23:37:07 DEBUG --- [main] (Slf4JLogger.java:76) java.nio.DirectByteBuffer.<init>(long, int): available
2018-08-01 23:37:07 DEBUG --- [main] (Slf4JLogger.java:76) sun.misc.Unsafe: available
2018-08-01 23:37:07 DEBUG --- [main] (Slf4JLogger.java:76) -Dio.netty.tmpdir: C:\Users\DRAGON~1\AppData\Local\Temp (java.io.tmpdir)
2018-08-01 23:37:07 DEBUG --- [main] (Slf4JLogger.java:76) -Dio.netty.bitMode: 64 (sun.arch.data.model)
2018-08-01 23:37:07 DEBUG --- [main] (Slf4JLogger.java:76) -Dio.netty.noPreferDirect: false
2018-08-01 23:37:07 DEBUG --- [main] (Slf4JLogger.java:76) -Dio.netty.maxDirectMemory: 1884815360 bytes
2018-08-01 23:37:07 DEBUG --- [main] (Slf4JLogger.java:76) -Dio.netty.uninitializedArrayAllocationThreshold: -1
2018-08-01 23:37:07 DEBUG --- [main] (Slf4JLogger.java:71) java.nio.ByteBuffer.cleaner(): available
2018-08-01 23:37:07 DEBUG --- [main] (Slf4JLogger.java:76) Loaded default ResourceLeakDetector: io.netty.util.ResourceLeakDetector@149aa7b2
2018-08-01 23:37:07 DEBUG --- [main] (Slf4JLogger.java:71) org.jctools-core.MpscChunkedArrayQueue: available
2018-08-01 23:37:08 DEBUG --- [main] (Loggers.java:213) Using Slf4j logging framework
2018-08-01 23:37:08 DEBUG --- [main] (Loggers.java:213) Starting UnsafeSupport init in Java 1.8
2018-08-01 23:37:08 DEBUG --- [main] (Loggers.java:213) Unsafe is available
2018-08-01 23:37:08 DEBUG --- [main] (Slf4JLogger.java:76) -Dio.netty.allocator.numHeapArenas: 8
2018-08-01 23:37:08 DEBUG --- [main] (Slf4JLogger.java:76) -Dio.netty.allocator.numDirectArenas: 8
2018-08-01 23:37:08 DEBUG --- [main] (Slf4JLogger.java:76) -Dio.netty.allocator.pageSize: 8192
2018-08-01 23:37:08 DEBUG --- [main] (Slf4JLogger.java:76) -Dio.netty.allocator.maxOrder: 11
2018-08-01 23:37:08 DEBUG --- [main] (Slf4JLogger.java:76) -Dio.netty.allocator.chunkSize: 16777216
2018-08-01 23:37:08 DEBUG --- [main] (Slf4JLogger.java:76) -Dio.netty.allocator.tinyCacheSize: 512
2018-08-01 23:37:08 DEBUG --- [main] (Slf4JLogger.java:76) -Dio.netty.allocator.smallCacheSize: 256
2018-08-01 23:37:08 DEBUG --- [main] (Slf4JLogger.java:76) -Dio.netty.allocator.normalCacheSize: 64
2018-08-01 23:37:08 DEBUG --- [main] (Slf4JLogger.java:76) -Dio.netty.allocator.maxCachedBufferCapacity: 32768
2018-08-01 23:37:08 DEBUG --- [main] (Slf4JLogger.java:76) -Dio.netty.allocator.cacheTrimInterval: 8192
2018-08-01 23:37:08 DEBUG --- [main] (Slf4JLogger.java:76) -Dio.netty.allocator.useCacheForAllThreads: true
2018-08-01 23:37:08 DEBUG --- [main] (Slf4JLogger.java:76) -Dio.netty.threadLocalMap.stringBuilder.initialSize: 1024
2018-08-01 23:37:08 DEBUG --- [main] (Slf4JLogger.java:76) -Dio.netty.threadLocalMap.stringBuilder.maxSize: 4096
