2018-07-30 12:06:23  INFO --- [main] (StartupInfoLogger.java:50) Starting JpaTest on DESKTOP-65DR0V4 with PID 8872 (started by Think in E:\github\TestRepo)
2018-07-30 12:06:23  INFO --- [main] (SpringApplication.java:659) No active profile set, falling back to default profiles: default
2018-07-30 12:07:19  INFO --- [main] (StartupInfoLogger.java:50) Starting JpaTest on DESKTOP-65DR0V4 with PID 6044 (started by Think in E:\github\TestRepo)
2018-07-30 12:07:19  INFO --- [main] (SpringApplication.java:659) No active profile set, falling back to default profiles: default
2018-07-30 12:07:28  INFO --- [main] (StartupInfoLogger.java:59) Started JpaTest in 9.628 seconds (JVM running for 12.338)
2018-08-01 22:48:37  INFO --- [main] (StartupInfoLogger.java:50) Starting MyAspectTest on DESKTOP-FNJM48D with PID 22172 (started by DragonBoom in E:\java\Github\TestRepo)
2018-08-01 22:48:37  INFO --- [main] (SpringApplication.java:659) No active profile set, falling back to default profiles: default
2018-08-01 22:50:00  INFO --- [main] (StartupInfoLogger.java:50) Starting MyAspectTest on DESKTOP-FNJM48D with PID 25004 (started by DragonBoom in E:\java\Github\TestRepo)
2018-08-01 22:50:00  INFO --- [main] (SpringApplication.java:659) No active profile set, falling back to default profiles: default
2018-08-01 22:55:43  INFO --- [main] (StartupInfoLogger.java:50) Starting MyAspectTest on DESKTOP-FNJM48D with PID 14460 (started by DragonBoom in E:\java\Github\TestRepo)
2018-08-01 22:55:43  INFO --- [main] (SpringApplication.java:659) No active profile set, falling back to default profiles: default
2018-08-01 23:14:27  INFO --- [main] (StartupInfoLogger.java:50) Starting MyAspectTest on DESKTOP-FNJM48D with PID 24004 (started by DragonBoom in E:\java\Github\TestRepo)
2018-08-01 23:14:27  INFO --- [main] (SpringApplication.java:659) No active profile set, falling back to default profiles: default
2018-08-01 23:15:28  INFO --- [main] (StartupInfoLogger.java:50) Starting MyAspectTest on DESKTOP-FNJM48D with PID 2588 (started by DragonBoom in E:\java\Github\TestRepo)
2018-08-01 23:15:28  INFO --- [main] (SpringApplication.java:659) No active profile set, falling back to default profiles: default
2018-08-01 23:18:30  INFO --- [main] (StartupInfoLogger.java:50) Starting MyAspectTest on DESKTOP-FNJM48D with PID 15900 (started by DragonBoom in E:\java\Github\TestRepo)
2018-08-01 23:18:30  INFO --- [main] (SpringApplication.java:659) No active profile set, falling back to default profiles: default
2018-08-01 23:19:17  INFO --- [main] (StartupInfoLogger.java:50) Starting MyAspectTest on DESKTOP-FNJM48D with PID 14268 (started by DragonBoom in E:\java\Github\TestRepo)
2018-08-01 23:19:17  INFO --- [main] (SpringApplication.java:659) No active profile set, falling back to default profiles: default
2018-08-01 23:19:34  INFO --- [main] (StartupInfoLogger.java:50) Starting MyAspectTest on DESKTOP-FNJM48D with PID 14888 (started by DragonBoom in E:\java\Github\TestRepo)
2018-08-01 23:19:34  INFO --- [main] (SpringApplication.java:659) No active profile set, falling back to default profiles: default
2018-08-01 23:20:07  INFO --- [main] (StartupInfoLogger.java:50) Starting MyAspectTest on DESKTOP-FNJM48D with PID 10912 (started by DragonBoom in E:\java\Github\TestRepo)
2018-08-01 23:20:07  INFO --- [main] (SpringApplication.java:659) No active profile set, falling back to default profiles: default
2018-08-01 23:22:13  INFO --- [main] (StartupInfoLogger.java:50) Starting MyAspectTest on DESKTOP-FNJM48D with PID 15800 (started by DragonBoom in E:\java\Github\TestRepo)
2018-08-01 23:22:13  INFO --- [main] (SpringApplication.java:659) No active profile set, falling back to default profiles: default
2018-08-01 23:22:45  INFO --- [main] (StartupInfoLogger.java:50) Starting MyAspectTest on DESKTOP-FNJM48D with PID 22160 (started by DragonBoom in E:\java\Github\TestRepo)
2018-08-01 23:22:45  INFO --- [main] (SpringApplication.java:659) No active profile set, falling back to default profiles: default
2018-08-01 23:24:25  INFO --- [main] (StartupInfoLogger.java:50) Starting Application on DESKTOP-FNJM48D with PID 20172 (E:\java\Github\TestRepo\target\classes started by DragonBoom in E:\java\Github\TestRepo)
2018-08-01 23:24:25  INFO --- [main] (SpringApplication.java:659) No active profile set, falling back to default profiles: default
2018-08-01 23:24:26  INFO --- [main] (DirectJDKLog.java:180) Initializing ProtocolHandler ["http-nio-8080"]
2018-08-01 23:24:26  INFO --- [main] (DirectJDKLog.java:180) Starting service [Tomcat]
2018-08-01 23:24:26  INFO --- [main] (DirectJDKLog.java:180) Starting Servlet Engine: Apache Tomcat/8.5.31
2018-08-01 23:24:26  INFO --- [localhost-startStop-1] (DirectJDKLog.java:180) The APR based Apache Tomcat Native library which allows optimal performance in production environments was not found on the java.library.path: [C:\Program Files\Java\jre1.8.0_162\bin;C:\WINDOWS\Sun\Java\bin;C:\WINDOWS\system32;C:\WINDOWS;C:/Program Files/Java/jre1.8.0_162/bin/server;C:/Program Files/Java/jre1.8.0_162/bin;C:/Program Files/Java/jre1.8.0_162/lib/amd64;C:\Program Files (x86)\Common Files\Oracle\Java\javapath;C:\ProgramData\Oracle\Java\javapath;C:\Program Files (x86)\Intel\iCLS Client\;C:\Program Files\Intel\iCLS Client\;C:\Windows\system32;C:\Windows;C:\Windows\System32\Wbem;C:\Windows\System32\WindowsPowerShell\v1.0\;C:\Program Files (x86)\NVIDIA Corporation\PhysX\Common;C:\Program Files (x86)\Intel\Intel(R) Management Engine Components\DAL;C:\Program Files\Intel\Intel(R) Management Engine Components\DAL;C:\Program Files (x86)\Intel\Intel(R) Management Engine Components\IPT;C:\Program Files\Intel\Intel(R) Management Engine Components\IPT;C:\Program Files\Intel\WiFi\bin\;C:\Program Files\Common Files\Intel\WirelessCommon\;C:\Program Files\Java\jdk1.8.0_162\bin;C:\Program Files\MySQL\MySQL Server 8.0\bin;D:\myApplication\nginx-1.12.2;C:\WINDOWS\system32;C:\WINDOWS;C:\WINDOWS\System32\Wbem;C:\WINDOWS\System32\WindowsPowerShell\v1.0\;C:\Program Files\MySQL\MySQL Server 8.0\bin;C:\Program Files\WinRAR;D:\myApplication\heritrix-3.2.0\bin;C:\WINDOWS\System32\OpenSSH\;C:\Program Files\nodejs\;C:\Program Files\Microsoft VS Code Insiders\bin;C:\Program Files\TortoiseSVN\bin;C:\Users\DragonBoom\AppData\Local\Programs\Python\Python36\Scripts\;C:\Users\DragonBoom\AppData\Local\Programs\Python\Python36\;C:\Users\DragonBoom\AppData\Local\Microsoft\WindowsApps;C:\Program Files\Bandizip\;C:\Program Files\Microsoft VS Code Insiders\bin;C:\Users\DragonBoom\AppData\Local\GitHubDesktop\bin;C:\Program Files\WinRAR;;C:\Users\DragonBoom\AppData\Local\Microsoft\WindowsApps;C:\Users\DragonBoom\AppData\Roaming\npm;C:\Users\DragonBoom\AppData\Local\Programs\Microsoft VS Code Insiders\bin;C:\Users\DragonBoom\Desktop;;.]
2018-08-01 23:24:26  INFO --- [localhost-startStop-1] (DirectJDKLog.java:180) Initializing Spring embedded WebApplicationContext
2018-08-01 23:24:32  INFO --- [main] (DirectJDKLog.java:180) Stopping service [Tomcat]
2018-08-01 23:28:27  INFO --- [main] (StartupInfoLogger.java:50) Starting MyAspectTest on DESKTOP-FNJM48D with PID 13624 (started by DragonBoom in E:\java\Github\TestRepo)
2018-08-01 23:28:27  INFO --- [main] (SpringApplication.java:659) No active profile set, falling back to default profiles: default
2018-08-01 23:33:12  INFO --- [main] (StartupInfoLogger.java:50) Starting MyAspectTest on DESKTOP-FNJM48D with PID 10604 (started by DragonBoom in E:\java\Github\TestRepo)
2018-08-01 23:33:12  INFO --- [main] (SpringApplication.java:659) No active profile set, falling back to default profiles: default
2018-08-01 23:33:54  INFO --- [main] (StartupInfoLogger.java:50) Starting MyAspectTest on DESKTOP-FNJM48D with PID 3416 (started by DragonBoom in E:\java\Github\TestRepo)
2018-08-01 23:33:54  INFO --- [main] (SpringApplication.java:659) No active profile set, falling back to default profiles: default
2018-08-01 23:37:01  INFO --- [main] (StartupInfoLogger.java:50) Starting MyAspectTest on DESKTOP-FNJM48D with PID 24360 (started by DragonBoom in E:\java\Github\TestRepo)
2018-08-01 23:37:01  INFO --- [main] (SpringApplication.java:659) No active profile set, falling back to default profiles: default
2018-08-01 23:37:08  INFO --- [main] (StartupInfoLogger.java:59) Started MyAspectTest in 7.698 seconds (JVM running for 9.456)
