2018-09-27 15:51:38 DEBUG --- [main] (AbstractConverter.java:353) Setting default value: false
2018-09-27 15:51:38 DEBUG --- [main] (AbstractConverter.java:140) Converting 'Boolean' value 'false' to type 'Boolean'
2018-09-27 15:51:38 DEBUG --- [main] (AbstractConverter.java:162)     No conversion required, value is already a Boolean
2018-09-27 15:51:38 DEBUG --- [main] (AbstractConverter.java:353) Setting default value: 0
2018-09-27 15:51:38 DEBUG --- [main] (AbstractConverter.java:140) Converting 'Integer' value '0' to type 'Byte'
2018-09-27 15:51:38 DEBUG --- [main] (AbstractConverter.java:171)     Converted to Byte value '0'
2018-09-27 15:51:38 DEBUG --- [main] (AbstractConverter.java:353) Setting default value:  
2018-09-27 15:51:38 DEBUG --- [main] (AbstractConverter.java:140) Converting 'Character' value ' ' to type 'Character'
2018-09-27 15:51:38 DEBUG --- [main] (AbstractConverter.java:162)     No conversion required, value is already a Character
2018-09-27 15:51:38 DEBUG --- [main] (AbstractConverter.java:353) Setting default value: 0
2018-09-27 15:51:38 DEBUG --- [main] (AbstractConverter.java:140) Converting 'Integer' value '0' to type 'Double'
2018-09-27 15:51:38 DEBUG --- [main] (AbstractConverter.java:171)     Converted to Double value '0.0'
2018-09-27 15:51:38 DEBUG --- [main] (AbstractConverter.java:353) Setting default value: 0
2018-09-27 15:51:38 DEBUG --- [main] (AbstractConverter.java:140) Converting 'Integer' value '0' to type 'Float'
2018-09-27 15:51:38 DEBUG --- [main] (AbstractConverter.java:171)     Converted to Float value '0.0'
2018-09-27 15:51:38 DEBUG --- [main] (AbstractConverter.java:353) Setting default value: 0
2018-09-27 15:51:38 DEBUG --- [main] (AbstractConverter.java:140) Converting 'Integer' value '0' to type 'Integer'
2018-09-27 15:51:38 DEBUG --- [main] (AbstractConverter.java:162)     No conversion required, value is already a Integer
2018-09-27 15:51:38 DEBUG --- [main] (AbstractConverter.java:353) Setting default value: 0
2018-09-27 15:51:38 DEBUG --- [main] (AbstractConverter.java:140) Converting 'Integer' value '0' to type 'Long'
2018-09-27 15:51:38 DEBUG --- [main] (AbstractConverter.java:171)     Converted to Long value '0'
2018-09-27 15:51:38 DEBUG --- [main] (AbstractConverter.java:353) Setting default value: 0
2018-09-27 15:51:38 DEBUG --- [main] (AbstractConverter.java:140) Converting 'Integer' value '0' to type 'Short'
2018-09-27 15:51:38 DEBUG --- [main] (AbstractConverter.java:171)     Converted to Short value '0'
2018-09-27 15:51:38 DEBUG --- [main] (AbstractConverter.java:353) Setting default value: 0.0
2018-09-27 15:51:38 DEBUG --- [main] (AbstractConverter.java:140) Converting 'BigDecimal' value '0.0' to type 'BigDecimal'
2018-09-27 15:51:38 DEBUG --- [main] (AbstractConverter.java:162)     No conversion required, value is already a BigDecimal
2018-09-27 15:51:38 DEBUG --- [main] (AbstractConverter.java:353) Setting default value: 0
2018-09-27 15:51:38 DEBUG --- [main] (AbstractConverter.java:140) Converting 'BigInteger' value '0' to type 'BigInteger'
2018-09-27 15:51:38 DEBUG --- [main] (AbstractConverter.java:162)     No conversion required, value is already a BigInteger
2018-09-27 15:51:38 DEBUG --- [main] (AbstractConverter.java:353) Setting default value: false
2018-09-27 15:51:38 DEBUG --- [main] (AbstractConverter.java:140) Converting 'Boolean' value 'false' to type 'Boolean'
2018-09-27 15:51:38 DEBUG --- [main] (AbstractConverter.java:162)     No conversion required, value is already a Boolean
2018-09-27 15:51:38 DEBUG --- [main] (AbstractConverter.java:353) Setting default value: 0
2018-09-27 15:51:38 DEBUG --- [main] (AbstractConverter.java:140) Converting 'Integer' value '0' to type 'Byte'
2018-09-27 15:51:38 DEBUG --- [main] (AbstractConverter.java:171)     Converted to Byte value '0'
2018-09-27 15:51:38 DEBUG --- [main] (AbstractConverter.java:353) Setting default value:  
2018-09-27 15:51:38 DEBUG --- [main] (AbstractConverter.java:140) Converting 'Character' value ' ' to type 'Character'
2018-09-27 15:51:38 DEBUG --- [main] (AbstractConverter.java:162)     No conversion required, value is already a Character
2018-09-27 15:51:38 DEBUG --- [main] (AbstractConverter.java:353) Setting default value: 0
2018-09-27 15:51:38 DEBUG --- [main] (AbstractConverter.java:140) Converting 'Integer' value '0' to type 'Double'
2018-09-27 15:51:38 DEBUG --- [main] (AbstractConverter.java:171)     Converted to Double value '0.0'
2018-09-27 15:51:38 DEBUG --- [main] (AbstractConverter.java:353) Setting default value: 0
2018-09-27 15:51:38 DEBUG --- [main] (AbstractConverter.java:140) Converting 'Integer' value '0' to type 'Float'
2018-09-27 15:51:38 DEBUG --- [main] (AbstractConverter.java:171)     Converted to Float value '0.0'
2018-09-27 15:51:38 DEBUG --- [main] (AbstractConverter.java:353) Setting default value: 0
2018-09-27 15:51:38 DEBUG --- [main] (AbstractConverter.java:140) Converting 'Integer' value '0' to type 'Integer'
2018-09-27 15:51:38 DEBUG --- [main] (AbstractConverter.java:162)     No conversion required, value is already a Integer
2018-09-27 15:51:38 DEBUG --- [main] (AbstractConverter.java:353) Setting default value: 0
2018-09-27 15:51:38 DEBUG --- [main] (AbstractConverter.java:140) Converting 'Integer' value '0' to type 'Long'
2018-09-27 15:51:38 DEBUG --- [main] (AbstractConverter.java:171)     Converted to Long value '0'
2018-09-27 15:51:38 DEBUG --- [main] (AbstractConverter.java:353) Setting default value: 0
2018-09-27 15:51:38 DEBUG --- [main] (AbstractConverter.java:140) Converting 'Integer' value '0' to type 'Short'
2018-09-27 15:51:38 DEBUG --- [main] (AbstractConverter.java:171)     Converted to Short value '0'
2018-09-27 15:51:38 DEBUG --- [main] (AbstractConverter.java:353) Setting default value: 
2018-09-27 15:51:38 DEBUG --- [main] (AbstractConverter.java:140) Converting 'String' value '' to type 'String'
2018-09-27 15:51:38 DEBUG --- [main] (AbstractConverter.java:353) Setting default value: [Z@66498326
2018-09-27 15:51:38 DEBUG --- [main] (AbstractConverter.java:140) Converting 'boolean[]' value '[Z@66498326' to type 'boolean[]'
2018-09-27 15:51:38 DEBUG --- [main] (AbstractConverter.java:162)     No conversion required, value is already a boolean[]
2018-09-27 15:51:38 DEBUG --- [main] (AbstractConverter.java:353) Setting default value: [B@cad498c
2018-09-27 15:51:38 DEBUG --- [main] (AbstractConverter.java:140) Converting 'byte[]' value '[B@cad498c' to type 'byte[]'
2018-09-27 15:51:38 DEBUG --- [main] (AbstractConverter.java:162)     No conversion required, value is already a byte[]
2018-09-27 15:51:38 DEBUG --- [main] (AbstractConverter.java:353) Setting default value: [C@1e6454ec
2018-09-27 15:51:38 DEBUG --- [main] (AbstractConverter.java:140) Converting 'char[]' value '[C@1e6454ec' to type 'char[]'
2018-09-27 15:51:38 DEBUG --- [main] (AbstractConverter.java:162)     No conversion required, value is already a char[]
2018-09-27 15:51:38 DEBUG --- [main] (AbstractConverter.java:353) Setting default value: [D@2accdbb5
2018-09-27 15:51:38 DEBUG --- [main] (AbstractConverter.java:140) Converting 'double[]' value '[D@2accdbb5' to type 'double[]'
2018-09-27 15:51:38 DEBUG --- [main] (AbstractConverter.java:162)     No conversion required, value is already a double[]
2018-09-27 15:51:38 DEBUG --- [main] (AbstractConverter.java:353) Setting default value: [F@b62d79
2018-09-27 15:51:38 DEBUG --- [main] (AbstractConverter.java:140) Converting 'float[]' value '[F@b62d79' to type 'float[]'
2018-09-27 15:51:38 DEBUG --- [main] (AbstractConverter.java:162)     No conversion required, value is already a float[]
2018-09-27 15:51:38 DEBUG --- [main] (AbstractConverter.java:353) Setting default value: [I@6631f5ca
2018-09-27 15:51:38 DEBUG --- [main] (AbstractConverter.java:140) Converting 'int[]' value '[I@6631f5ca' to type 'int[]'
2018-09-27 15:51:38 DEBUG --- [main] (AbstractConverter.java:162)     No conversion required, value is already a int[]
2018-09-27 15:51:38 DEBUG --- [main] (AbstractConverter.java:353) Setting default value: [J@5ace1ed4
2018-09-27 15:51:38 DEBUG --- [main] (AbstractConverter.java:140) Converting 'long[]' value '[J@5ace1ed4' to type 'long[]'
2018-09-27 15:51:38 DEBUG --- [main] (AbstractConverter.java:162)     No conversion required, value is already a long[]
2018-09-27 15:51:38 DEBUG --- [main] (AbstractConverter.java:353) Setting default value: [S@1613674b
2018-09-27 15:51:38 DEBUG --- [main] (AbstractConverter.java:140) Converting 'short[]' value '[S@1613674b' to type 'short[]'
2018-09-27 15:51:38 DEBUG --- [main] (AbstractConverter.java:162)     No conversion required, value is already a short[]
2018-09-27 15:51:38 DEBUG --- [main] (AbstractConverter.java:353) Setting default value: [Ljava.math.BigDecimal;@27ff5d15
2018-09-27 15:51:38 DEBUG --- [main] (AbstractConverter.java:140) Converting 'BigDecimal[]' value '[Ljava.math.BigDecimal;@27ff5d15' to type 'BigDecimal[]'
2018-09-27 15:51:38 DEBUG --- [main] (AbstractConverter.java:162)     No conversion required, value is already a BigDecimal[]
2018-09-27 15:51:38 DEBUG --- [main] (AbstractConverter.java:353) Setting default value: [Ljava.math.BigInteger;@649bec2e
2018-09-27 15:51:38 DEBUG --- [main] (AbstractConverter.java:140) Converting 'BigInteger[]' value '[Ljava.math.BigInteger;@649bec2e' to type 'BigInteger[]'
2018-09-27 15:51:38 DEBUG --- [main] (AbstractConverter.java:162)     No conversion required, value is already a BigInteger[]
2018-09-27 15:51:38 DEBUG --- [main] (AbstractConverter.java:353) Setting default value: [Ljava.lang.Boolean;@34f5090e
2018-09-27 15:51:38 DEBUG --- [main] (AbstractConverter.java:140) Converting 'Boolean[]' value '[Ljava.lang.Boolean;@34f5090e' to type 'Boolean[]'
2018-09-27 15:51:38 DEBUG --- [main] (AbstractConverter.java:162)     No conversion required, value is already a Boolean[]
2018-09-27 15:51:38 DEBUG --- [main] (AbstractConverter.java:353) Setting default value: [Ljava.lang.Byte;@a2431d0
2018-09-27 15:51:38 DEBUG --- [main] (AbstractConverter.java:140) Converting 'Byte[]' value '[Ljava.lang.Byte;@a2431d0' to type 'Byte[]'
2018-09-27 15:51:38 DEBUG --- [main] (AbstractConverter.java:162)     No conversion required, value is already a Byte[]
2018-09-27 15:51:38 DEBUG --- [main] (AbstractConverter.java:353) Setting default value: [Ljava.lang.Character;@1a4013
2018-09-27 15:51:38 DEBUG --- [main] (AbstractConverter.java:140) Converting 'Character[]' value '[Ljava.lang.Character;@1a4013' to type 'Character[]'
2018-09-27 15:51:38 DEBUG --- [main] (AbstractConverter.java:162)     No conversion required, value is already a Character[]
2018-09-27 15:51:38 DEBUG --- [main] (AbstractConverter.java:353) Setting default value: [Ljava.lang.Double;@306f16f3
2018-09-27 15:51:38 DEBUG --- [main] (AbstractConverter.java:140) Converting 'Double[]' value '[Ljava.lang.Double;@306f16f3' to type 'Double[]'
2018-09-27 15:51:38 DEBUG --- [main] (AbstractConverter.java:162)     No conversion required, value is already a Double[]
2018-09-27 15:51:38 DEBUG --- [main] (AbstractConverter.java:353) Setting default value: [Ljava.lang.Float;@22e357dc
2018-09-27 15:51:38 DEBUG --- [main] (AbstractConverter.java:140) Converting 'Float[]' value '[Ljava.lang.Float;@22e357dc' to type 'Float[]'
2018-09-27 15:51:38 DEBUG --- [main] (AbstractConverter.java:162)     No conversion required, value is already a Float[]
2018-09-27 15:51:38 DEBUG --- [main] (AbstractConverter.java:353) Setting default value: [Ljava.lang.Integer;@10163d6
2018-09-27 15:51:38 DEBUG --- [main] (AbstractConverter.java:140) Converting 'Integer[]' value '[Ljava.lang.Integer;@10163d6' to type 'Integer[]'
2018-09-27 15:51:38 DEBUG --- [main] (AbstractConverter.java:162)     No conversion required, value is already a Integer[]
2018-09-27 15:51:38 DEBUG --- [main] (AbstractConverter.java:353) Setting default value: [Ljava.lang.Long;@15bbf42f
2018-09-27 15:51:38 DEBUG --- [main] (AbstractConverter.java:140) Converting 'Long[]' value '[Ljava.lang.Long;@15bbf42f' to type 'Long[]'
2018-09-27 15:51:38 DEBUG --- [main] (AbstractConverter.java:162)     No conversion required, value is already a Long[]
2018-09-27 15:51:38 DEBUG --- [main] (AbstractConverter.java:353) Setting default value: [Ljava.lang.Short;@5f9b2141
2018-09-27 15:51:38 DEBUG --- [main] (AbstractConverter.java:140) Converting 'Short[]' value '[Ljava.lang.Short;@5f9b2141' to type 'Short[]'
2018-09-27 15:51:38 DEBUG --- [main] (AbstractConverter.java:162)     No conversion required, value is already a Short[]
2018-09-27 15:51:38 DEBUG --- [main] (AbstractConverter.java:353) Setting default value: [Ljava.lang.String;@48974e45
2018-09-27 15:51:38 DEBUG --- [main] (AbstractConverter.java:140) Converting 'String[]' value '[Ljava.lang.String;@48974e45' to type 'String[]'
2018-09-27 15:51:38 DEBUG --- [main] (AbstractConverter.java:162)     No conversion required, value is already a String[]
2018-09-27 15:51:38 DEBUG --- [main] (AbstractConverter.java:353) Setting default value: [Ljava.lang.Class;@6a84a97d
2018-09-27 15:51:38 DEBUG --- [main] (AbstractConverter.java:140) Converting 'Class[]' value '[Ljava.lang.Class;@6a84a97d' to type 'Class[]'
2018-09-27 15:51:38 DEBUG --- [main] (AbstractConverter.java:162)     No conversion required, value is already a Class[]
2018-09-27 15:51:38 DEBUG --- [main] (AbstractConverter.java:353) Setting default value: [Ljava.util.Date;@6c130c45
2018-09-27 15:51:38 DEBUG --- [main] (AbstractConverter.java:140) Converting 'Date[]' value '[Ljava.util.Date;@6c130c45' to type 'Date[]'
2018-09-27 15:51:38 DEBUG --- [main] (AbstractConverter.java:162)     No conversion required, value is already a Date[]
2018-09-27 15:51:38 DEBUG --- [main] (AbstractConverter.java:353) Setting default value: [Ljava.util.Calendar;@223aa2f7
2018-09-27 15:51:38 DEBUG --- [main] (AbstractConverter.java:140) Converting 'Calendar[]' value '[Ljava.util.Calendar;@223aa2f7' to type 'Calendar[]'
2018-09-27 15:51:38 DEBUG --- [main] (AbstractConverter.java:162)     No conversion required, value is already a Calendar[]
2018-09-27 15:51:38 DEBUG --- [main] (AbstractConverter.java:353) Setting default value: [Ljava.io.File;@193f604a
2018-09-27 15:51:38 DEBUG --- [main] (AbstractConverter.java:140) Converting 'java.io.File[]' value '[Ljava.io.File;@193f604a' to type 'java.io.File[]'
2018-09-27 15:51:38 DEBUG --- [main] (AbstractConverter.java:162)     No conversion required, value is already a java.io.File[]
2018-09-27 15:51:38 DEBUG --- [main] (AbstractConverter.java:353) Setting default value: [Ljava.sql.Date;@57af006c
2018-09-27 15:51:38 DEBUG --- [main] (AbstractConverter.java:140) Converting 'java.sql.Date[]' value '[Ljava.sql.Date;@57af006c' to type 'java.sql.Date[]'
2018-09-27 15:51:38 DEBUG --- [main] (AbstractConverter.java:162)     No conversion required, value is already a java.sql.Date[]
2018-09-27 15:51:38 DEBUG --- [main] (AbstractConverter.java:353) Setting default value: [Ljava.sql.Time;@932bc4a
2018-09-27 15:51:38 DEBUG --- [main] (AbstractConverter.java:140) Converting 'java.sql.Time[]' value '[Ljava.sql.Time;@932bc4a' to type 'java.sql.Time[]'
2018-09-27 15:51:38 DEBUG --- [main] (AbstractConverter.java:162)     No conversion required, value is already a java.sql.Time[]
2018-09-27 15:51:38 DEBUG --- [main] (AbstractConverter.java:353) Setting default value: [Ljava.sql.Timestamp;@2fd1433e
2018-09-27 15:51:38 DEBUG --- [main] (AbstractConverter.java:140) Converting 'java.sql.Timestamp[]' value '[Ljava.sql.Timestamp;@2fd1433e' to type 'java.sql.Timestamp[]'
2018-09-27 15:51:38 DEBUG --- [main] (AbstractConverter.java:162)     No conversion required, value is already a java.sql.Timestamp[]
2018-09-27 15:51:38 DEBUG --- [main] (AbstractConverter.java:353) Setting default value: [Ljava.net.URL;@3514a4c0
2018-09-27 15:51:38 DEBUG --- [main] (AbstractConverter.java:140) Converting 'java.net.URL[]' value '[Ljava.net.URL;@3514a4c0' to type 'java.net.URL[]'
2018-09-27 15:51:38 DEBUG --- [main] (AbstractConverter.java:162)     No conversion required, value is already a java.net.URL[]
2018-09-27 15:51:38 DEBUG --- [main] (AbstractConverter.java:140) Converting 'String' value '123' to type 'String'
2018-09-27 15:54:15 DEBUG --- [main] (AbstractConverter.java:353) Setting default value: false
2018-09-27 15:54:15 DEBUG --- [main] (AbstractConverter.java:140) Converting 'Boolean' value 'false' to type 'Boolean'
2018-09-27 15:54:15 DEBUG --- [main] (AbstractConverter.java:162)     No conversion required, value is already a Boolean
2018-09-27 15:54:15 DEBUG --- [main] (AbstractConverter.java:353) Setting default value: 0
2018-09-27 15:54:15 DEBUG --- [main] (AbstractConverter.java:140) Converting 'Integer' value '0' to type 'Byte'
2018-09-27 15:54:15 DEBUG --- [main] (AbstractConverter.java:171)     Converted to Byte value '0'
2018-09-27 15:54:15 DEBUG --- [main] (AbstractConverter.java:353) Setting default value:  
2018-09-27 15:54:15 DEBUG --- [main] (AbstractConverter.java:140) Converting 'Character' value ' ' to type 'Character'
2018-09-27 15:54:15 DEBUG --- [main] (AbstractConverter.java:162)     No conversion required, value is already a Character
2018-09-27 15:54:15 DEBUG --- [main] (AbstractConverter.java:353) Setting default value: 0
2018-09-27 15:54:15 DEBUG --- [main] (AbstractConverter.java:140) Converting 'Integer' value '0' to type 'Double'
2018-09-27 15:54:15 DEBUG --- [main] (AbstractConverter.java:171)     Converted to Double value '0.0'
2018-09-27 15:54:15 DEBUG --- [main] (AbstractConverter.java:353) Setting default value: 0
2018-09-27 15:54:15 DEBUG --- [main] (AbstractConverter.java:140) Converting 'Integer' value '0' to type 'Float'
2018-09-27 15:54:15 DEBUG --- [main] (AbstractConverter.java:171)     Converted to Float value '0.0'
2018-09-27 15:54:15 DEBUG --- [main] (AbstractConverter.java:353) Setting default value: 0
2018-09-27 15:54:15 DEBUG --- [main] (AbstractConverter.java:140) Converting 'Integer' value '0' to type 'Integer'
2018-09-27 15:54:15 DEBUG --- [main] (AbstractConverter.java:162)     No conversion required, value is already a Integer
2018-09-27 15:54:15 DEBUG --- [main] (AbstractConverter.java:353) Setting default value: 0
2018-09-27 15:54:15 DEBUG --- [main] (AbstractConverter.java:140) Converting 'Integer' value '0' to type 'Long'
2018-09-27 15:54:15 DEBUG --- [main] (AbstractConverter.java:171)     Converted to Long value '0'
2018-09-27 15:54:15 DEBUG --- [main] (AbstractConverter.java:353) Setting default value: 0
2018-09-27 15:54:15 DEBUG --- [main] (AbstractConverter.java:140) Converting 'Integer' value '0' to type 'Short'
2018-09-27 15:54:15 DEBUG --- [main] (AbstractConverter.java:171)     Converted to Short value '0'
2018-09-27 15:54:15 DEBUG --- [main] (AbstractConverter.java:353) Setting default value: 0.0
2018-09-27 15:54:15 DEBUG --- [main] (AbstractConverter.java:140) Converting 'BigDecimal' value '0.0' to type 'BigDecimal'
2018-09-27 15:54:15 DEBUG --- [main] (AbstractConverter.java:162)     No conversion required, value is already a BigDecimal
2018-09-27 15:54:15 DEBUG --- [main] (AbstractConverter.java:353) Setting default value: 0
2018-09-27 15:54:15 DEBUG --- [main] (AbstractConverter.java:140) Converting 'BigInteger' value '0' to type 'BigInteger'
2018-09-27 15:54:15 DEBUG --- [main] (AbstractConverter.java:162)     No conversion required, value is already a BigInteger
2018-09-27 15:54:15 DEBUG --- [main] (AbstractConverter.java:353) Setting default value: false
2018-09-27 15:54:15 DEBUG --- [main] (AbstractConverter.java:140) Converting 'Boolean' value 'false' to type 'Boolean'
2018-09-27 15:54:15 DEBUG --- [main] (AbstractConverter.java:162)     No conversion required, value is already a Boolean
2018-09-27 15:54:15 DEBUG --- [main] (AbstractConverter.java:353) Setting default value: 0
2018-09-27 15:54:15 DEBUG --- [main] (AbstractConverter.java:140) Converting 'Integer' value '0' to type 'Byte'
2018-09-27 15:54:15 DEBUG --- [main] (AbstractConverter.java:171)     Converted to Byte value '0'
2018-09-27 15:54:15 DEBUG --- [main] (AbstractConverter.java:353) Setting default value:  
2018-09-27 15:54:15 DEBUG --- [main] (AbstractConverter.java:140) Converting 'Character' value ' ' to type 'Character'
2018-09-27 15:54:15 DEBUG --- [main] (AbstractConverter.java:162)     No conversion required, value is already a Character
2018-09-27 15:54:15 DEBUG --- [main] (AbstractConverter.java:353) Setting default value: 0
2018-09-27 15:54:15 DEBUG --- [main] (AbstractConverter.java:140) Converting 'Integer' value '0' to type 'Double'
2018-09-27 15:54:15 DEBUG --- [main] (AbstractConverter.java:171)     Converted to Double value '0.0'
2018-09-27 15:54:15 DEBUG --- [main] (AbstractConverter.java:353) Setting default value: 0
2018-09-27 15:54:15 DEBUG --- [main] (AbstractConverter.java:140) Converting 'Integer' value '0' to type 'Float'
2018-09-27 15:54:15 DEBUG --- [main] (AbstractConverter.java:171)     Converted to Float value '0.0'
2018-09-27 15:54:15 DEBUG --- [main] (AbstractConverter.java:353) Setting default value: 0
2018-09-27 15:54:15 DEBUG --- [main] (AbstractConverter.java:140) Converting 'Integer' value '0' to type 'Integer'
2018-09-27 15:54:15 DEBUG --- [main] (AbstractConverter.java:162)     No conversion required, value is already a Integer
2018-09-27 15:54:15 DEBUG --- [main] (AbstractConverter.java:353) Setting default value: 0
2018-09-27 15:54:15 DEBUG --- [main] (AbstractConverter.java:140) Converting 'Integer' value '0' to type 'Long'
2018-09-27 15:54:15 DEBUG --- [main] (AbstractConverter.java:171)     Converted to Long value '0'
2018-09-27 15:54:15 DEBUG --- [main] (AbstractConverter.java:353) Setting default value: 0
2018-09-27 15:54:15 DEBUG --- [main] (AbstractConverter.java:140) Converting 'Integer' value '0' to type 'Short'
2018-09-27 15:54:15 DEBUG --- [main] (AbstractConverter.java:171)     Converted to Short value '0'
2018-09-27 15:54:15 DEBUG --- [main] (AbstractConverter.java:353) Setting default value: 
2018-09-27 15:54:15 DEBUG --- [main] (AbstractConverter.java:140) Converting 'String' value '' to type 'String'
2018-09-27 15:54:15 DEBUG --- [main] (AbstractConverter.java:353) Setting default value: [Z@1ba9117e
2018-09-27 15:54:15 DEBUG --- [main] (AbstractConverter.java:140) Converting 'boolean[]' value '[Z@1ba9117e' to type 'boolean[]'
2018-09-27 15:54:15 DEBUG --- [main] (AbstractConverter.java:162)     No conversion required, value is already a boolean[]
2018-09-27 15:54:15 DEBUG --- [main] (AbstractConverter.java:353) Setting default value: [B@732c2a62
2018-09-27 15:54:15 DEBUG --- [main] (AbstractConverter.java:140) Converting 'byte[]' value '[B@732c2a62' to type 'byte[]'
2018-09-27 15:54:15 DEBUG --- [main] (AbstractConverter.java:162)     No conversion required, value is already a byte[]
2018-09-27 15:54:15 DEBUG --- [main] (AbstractConverter.java:353) Setting default value: [C@272ed83b
2018-09-27 15:54:15 DEBUG --- [main] (AbstractConverter.java:140) Converting 'char[]' value '[C@272ed83b' to type 'char[]'
2018-09-27 15:54:15 DEBUG --- [main] (AbstractConverter.java:162)     No conversion required, value is already a char[]
2018-09-27 15:54:15 DEBUG --- [main] (AbstractConverter.java:353) Setting default value: [D@41fecb8b
2018-09-27 15:54:15 DEBUG --- [main] (AbstractConverter.java:140) Converting 'double[]' value '[D@41fecb8b' to type 'double[]'
2018-09-27 15:54:15 DEBUG --- [main] (AbstractConverter.java:162)     No conversion required, value is already a double[]
2018-09-27 15:54:15 DEBUG --- [main] (AbstractConverter.java:353) Setting default value: [F@120f102b
2018-09-27 15:54:15 DEBUG --- [main] (AbstractConverter.java:140) Converting 'float[]' value '[F@120f102b' to type 'float[]'
2018-09-27 15:54:15 DEBUG --- [main] (AbstractConverter.java:162)     No conversion required, value is already a float[]
2018-09-27 15:54:15 DEBUG --- [main] (AbstractConverter.java:353) Setting default value: [I@625732
2018-09-27 15:54:15 DEBUG --- [main] (AbstractConverter.java:140) Converting 'int[]' value '[I@625732' to type 'int[]'
2018-09-27 15:54:15 DEBUG --- [main] (AbstractConverter.java:162)     No conversion required, value is already a int[]
2018-09-27 15:54:15 DEBUG --- [main] (AbstractConverter.java:353) Setting default value: [J@51dcb805
2018-09-27 15:54:15 DEBUG --- [main] (AbstractConverter.java:140) Converting 'long[]' value '[J@51dcb805' to type 'long[]'
2018-09-27 15:54:15 DEBUG --- [main] (AbstractConverter.java:162)     No conversion required, value is already a long[]
2018-09-27 15:54:15 DEBUG --- [main] (AbstractConverter.java:353) Setting default value: [S@66498326
2018-09-27 15:54:15 DEBUG --- [main] (AbstractConverter.java:140) Converting 'short[]' value '[S@66498326' to type 'short[]'
2018-09-27 15:54:15 DEBUG --- [main] (AbstractConverter.java:162)     No conversion required, value is already a short[]
2018-09-27 15:54:15 DEBUG --- [main] (AbstractConverter.java:353) Setting default value: [Ljava.math.BigDecimal;@cad498c
2018-09-27 15:54:15 DEBUG --- [main] (AbstractConverter.java:140) Converting 'BigDecimal[]' value '[Ljava.math.BigDecimal;@cad498c' to type 'BigDecimal[]'
2018-09-27 15:54:15 DEBUG --- [main] (AbstractConverter.java:162)     No conversion required, value is already a BigDecimal[]
2018-09-27 15:54:15 DEBUG --- [main] (AbstractConverter.java:353) Setting default value: [Ljava.math.BigInteger;@2accdbb5
2018-09-27 15:54:15 DEBUG --- [main] (AbstractConverter.java:140) Converting 'BigInteger[]' value '[Ljava.math.BigInteger;@2accdbb5' to type 'BigInteger[]'
2018-09-27 15:54:15 DEBUG --- [main] (AbstractConverter.java:162)     No conversion required, value is already a BigInteger[]
2018-09-27 15:54:15 DEBUG --- [main] (AbstractConverter.java:353) Setting default value: [Ljava.lang.Boolean;@6631f5ca
2018-09-27 15:54:15 DEBUG --- [main] (AbstractConverter.java:140) Converting 'Boolean[]' value '[Ljava.lang.Boolean;@6631f5ca' to type 'Boolean[]'
2018-09-27 15:54:15 DEBUG --- [main] (AbstractConverter.java:162)     No conversion required, value is already a Boolean[]
2018-09-27 15:54:15 DEBUG --- [main] (AbstractConverter.java:353) Setting default value: [Ljava.lang.Byte;@1613674b
2018-09-27 15:54:15 DEBUG --- [main] (AbstractConverter.java:140) Converting 'Byte[]' value '[Ljava.lang.Byte;@1613674b' to type 'Byte[]'
2018-09-27 15:54:15 DEBUG --- [main] (AbstractConverter.java:162)     No conversion required, value is already a Byte[]
2018-09-27 15:54:15 DEBUG --- [main] (AbstractConverter.java:353) Setting default value: [Ljava.lang.Character;@4e096385
2018-09-27 15:54:15 DEBUG --- [main] (AbstractConverter.java:140) Converting 'Character[]' value '[Ljava.lang.Character;@4e096385' to type 'Character[]'
2018-09-27 15:54:15 DEBUG --- [main] (AbstractConverter.java:162)     No conversion required, value is already a Character[]
2018-09-27 15:54:15 DEBUG --- [main] (AbstractConverter.java:353) Setting default value: [Ljava.lang.Double;@693fe6c9
2018-09-27 15:54:15 DEBUG --- [main] (AbstractConverter.java:140) Converting 'Double[]' value '[Ljava.lang.Double;@693fe6c9' to type 'Double[]'
2018-09-27 15:54:15 DEBUG --- [main] (AbstractConverter.java:162)     No conversion required, value is already a Double[]
2018-09-27 15:54:15 DEBUG --- [main] (AbstractConverter.java:353) Setting default value: [Ljava.lang.Float;@31e5415e
2018-09-27 15:54:15 DEBUG --- [main] (AbstractConverter.java:140) Converting 'Float[]' value '[Ljava.lang.Float;@31e5415e' to type 'Float[]'
2018-09-27 15:54:15 DEBUG --- [main] (AbstractConverter.java:162)     No conversion required, value is already a Float[]
2018-09-27 15:54:15 DEBUG --- [main] (AbstractConverter.java:353) Setting default value: [Ljava.lang.Integer;@1cbb87f3
2018-09-27 15:54:15 DEBUG --- [main] (AbstractConverter.java:140) Converting 'Integer[]' value '[Ljava.lang.Integer;@1cbb87f3' to type 'Integer[]'
2018-09-27 15:54:15 DEBUG --- [main] (AbstractConverter.java:162)     No conversion required, value is already a Integer[]
2018-09-27 15:54:15 DEBUG --- [main] (AbstractConverter.java:353) Setting default value: [Ljava.lang.Long;@1b6e1eff
2018-09-27 15:54:15 DEBUG --- [main] (AbstractConverter.java:140) Converting 'Long[]' value '[Ljava.lang.Long;@1b6e1eff' to type 'Long[]'
2018-09-27 15:54:15 DEBUG --- [main] (AbstractConverter.java:162)     No conversion required, value is already a Long[]
2018-09-27 15:54:15 DEBUG --- [main] (AbstractConverter.java:353) Setting default value: [Ljava.lang.Short;@702b8b12
2018-09-27 15:54:15 DEBUG --- [main] (AbstractConverter.java:140) Converting 'Short[]' value '[Ljava.lang.Short;@702b8b12' to type 'Short[]'
2018-09-27 15:54:15 DEBUG --- [main] (AbstractConverter.java:162)     No conversion required, value is already a Short[]
2018-09-27 15:54:15 DEBUG --- [main] (AbstractConverter.java:353) Setting default value: [Ljava.lang.String;@49912c99
2018-09-27 15:54:15 DEBUG --- [main] (AbstractConverter.java:140) Converting 'String[]' value '[Ljava.lang.String;@49912c99' to type 'String[]'
2018-09-27 15:54:15 DEBUG --- [main] (AbstractConverter.java:162)     No conversion required, value is already a String[]
2018-09-27 15:54:15 DEBUG --- [main] (AbstractConverter.java:353) Setting default value: [Ljava.lang.Class;@10163d6
2018-09-27 15:54:15 DEBUG --- [main] (AbstractConverter.java:140) Converting 'Class[]' value '[Ljava.lang.Class;@10163d6' to type 'Class[]'
2018-09-27 15:54:15 DEBUG --- [main] (AbstractConverter.java:162)     No conversion required, value is already a Class[]
2018-09-27 15:54:15 DEBUG --- [main] (AbstractConverter.java:353) Setting default value: [Ljava.util.Date;@2dde1bff
2018-09-27 15:54:15 DEBUG --- [main] (AbstractConverter.java:140) Converting 'Date[]' value '[Ljava.util.Date;@2dde1bff' to type 'Date[]'
2018-09-27 15:54:15 DEBUG --- [main] (AbstractConverter.java:162)     No conversion required, value is already a Date[]
2018-09-27 15:54:15 DEBUG --- [main] (AbstractConverter.java:353) Setting default value: [Ljava.util.Calendar;@550ee7e5
2018-09-27 15:54:15 DEBUG --- [main] (AbstractConverter.java:140) Converting 'Calendar[]' value '[Ljava.util.Calendar;@550ee7e5' to type 'Calendar[]'
2018-09-27 15:54:15 DEBUG --- [main] (AbstractConverter.java:162)     No conversion required, value is already a Calendar[]
2018-09-27 15:54:15 DEBUG --- [main] (AbstractConverter.java:353) Setting default value: [Ljava.io.File;@247d8ae
2018-09-27 15:54:15 DEBUG --- [main] (AbstractConverter.java:140) Converting 'java.io.File[]' value '[Ljava.io.File;@247d8ae' to type 'java.io.File[]'
2018-09-27 15:54:15 DEBUG --- [main] (AbstractConverter.java:162)     No conversion required, value is already a java.io.File[]
2018-09-27 15:54:15 DEBUG --- [main] (AbstractConverter.java:353) Setting default value: [Ljava.sql.Date;@6a84a97d
2018-09-27 15:54:15 DEBUG --- [main] (AbstractConverter.java:140) Converting 'java.sql.Date[]' value '[Ljava.sql.Date;@6a84a97d' to type 'java.sql.Date[]'
2018-09-27 15:54:15 DEBUG --- [main] (AbstractConverter.java:162)     No conversion required, value is already a java.sql.Date[]
2018-09-27 15:54:15 DEBUG --- [main] (AbstractConverter.java:353) Setting default value: [Ljava.sql.Time;@50ad3bc1
2018-09-27 15:54:15 DEBUG --- [main] (AbstractConverter.java:140) Converting 'java.sql.Time[]' value '[Ljava.sql.Time;@50ad3bc1' to type 'java.sql.Time[]'
2018-09-27 15:54:15 DEBUG --- [main] (AbstractConverter.java:162)     No conversion required, value is already a java.sql.Time[]
2018-09-27 15:54:15 DEBUG --- [main] (AbstractConverter.java:353) Setting default value: [Ljava.sql.Timestamp;@6d3a388c
2018-09-27 15:54:15 DEBUG --- [main] (AbstractConverter.java:140) Converting 'java.sql.Timestamp[]' value '[Ljava.sql.Timestamp;@6d3a388c' to type 'java.sql.Timestamp[]'
2018-09-27 15:54:15 DEBUG --- [main] (AbstractConverter.java:162)     No conversion required, value is already a java.sql.Timestamp[]
2018-09-27 15:54:15 DEBUG --- [main] (AbstractConverter.java:353) Setting default value: [Ljava.net.URL;@20f5239f
2018-09-27 15:54:15 DEBUG --- [main] (AbstractConverter.java:140) Converting 'java.net.URL[]' value '[Ljava.net.URL;@20f5239f' to type 'java.net.URL[]'
2018-09-27 15:54:15 DEBUG --- [main] (AbstractConverter.java:162)     No conversion required, value is already a java.net.URL[]
2018-09-27 15:54:15 DEBUG --- [main] (BeanUtilsBean.java:242) BeanUtils.copyProperties(Value [name=null, id=null], {name=wahaha, id=123})
2018-09-27 15:54:15 DEBUG --- [main] (AbstractConverter.java:140) Converting 'String' value 'wahaha' to type 'String'
2018-09-27 15:54:15 DEBUG --- [main] (AbstractConverter.java:140) Converting 'String' value '123' to type 'String'
