2018-08-15 21:43:06  INFO --- [main] (StartupInfoLogger.java:50) Starting Application on DESKTOP-FNJM48D with PID 5760 (E:\java\Github\TestRepo\target\classes started by DragonBoom in E:\java\Github\TestRepo)
2018-08-15 21:43:06  INFO --- [main] (SpringApplication.java:659) No active profile set, falling back to default profiles: default
2018-08-15 21:43:09  INFO --- [main] (DirectJDKLog.java:180) Initializing ProtocolHandler ["http-nio-8080"]
2018-08-15 21:43:09  INFO --- [main] (DirectJDKLog.java:180) Starting service [Tomcat]
2018-08-15 21:43:09  INFO --- [main] (DirectJDKLog.java:180) Starting Servlet Engine: Apache Tomcat/8.5.31
2018-08-15 21:43:09  INFO --- [localhost-startStop-1] (DirectJDKLog.java:180) The APR based Apache Tomcat Native library which allows optimal performance in production environments was not found on the java.library.path: [C:\Program Files\Java\jre1.8.0_162\bin;C:\WINDOWS\Sun\Java\bin;C:\WINDOWS\system32;C:\WINDOWS;C:/Program Files/Java/jre1.8.0_162/bin/server;C:/Program Files/Java/jre1.8.0_162/bin;C:/Program Files/Java/jre1.8.0_162/lib/amd64;C:\Program Files (x86)\Common Files\Oracle\Java\javapath;C:\ProgramData\Oracle\Java\javapath;C:\Program Files (x86)\Intel\iCLS Client\;C:\Program Files\Intel\iCLS Client\;C:\Windows\system32;C:\Windows;C:\Windows\System32\Wbem;C:\Windows\System32\WindowsPowerShell\v1.0\;C:\Program Files (x86)\NVIDIA Corporation\PhysX\Common;C:\Program Files (x86)\Intel\Intel(R) Management Engine Components\DAL;C:\Program Files\Intel\Intel(R) Management Engine Components\DAL;C:\Program Files (x86)\Intel\Intel(R) Management Engine Components\IPT;C:\Program Files\Intel\Intel(R) Management Engine Components\IPT;C:\Program Files\Intel\WiFi\bin\;C:\Program Files\Common Files\Intel\WirelessCommon\;C:\Program Files\Java\jdk1.8.0_162\bin;C:\Program Files\MySQL\MySQL Server 8.0\bin;D:\myApplication\nginx-1.12.2;C:\WINDOWS\system32;C:\WINDOWS;C:\WINDOWS\System32\Wbem;C:\WINDOWS\System32\WindowsPowerShell\v1.0\;C:\Program Files\MySQL\MySQL Server 8.0\bin;C:\Program Files\WinRAR;D:\myApplication\heritrix-3.2.0\bin;C:\WINDOWS\System32\OpenSSH\;C:\Program Files\nodejs\;C:\Program Files\Microsoft VS Code Insiders\bin;C:\Program Files\TortoiseSVN\bin;C:\Users\DragonBoom\AppData\Local\Programs\Python\Python36\Scripts\;C:\Users\DragonBoom\AppData\Local\Programs\Python\Python36\;C:\Users\DragonBoom\AppData\Local\Microsoft\WindowsApps;C:\Program Files\Bandizip\;C:\Program Files\Microsoft VS Code Insiders\bin;C:\Users\DragonBoom\AppData\Local\GitHubDesktop\bin;C:\Program Files\WinRAR;;C:\Users\DragonBoom\AppData\Local\Microsoft\WindowsApps;C:\Users\DragonBoom\AppData\Roaming\npm;C:\Users\DragonBoom\AppData\Local\Programs\Microsoft VS Code Insiders\bin;C:\Users\DragonBoom\Desktop;;.]
2018-08-15 21:43:09  INFO --- [localhost-startStop-1] (DirectJDKLog.java:180) Initializing Spring embedded WebApplicationContext
2018-08-15 21:43:10  INFO --- [main] (DirectJDKLog.java:180) Stopping service [Tomcat]
2018-08-15 21:49:19  INFO --- [main] (StartupInfoLogger.java:50) Starting Application on DESKTOP-FNJM48D with PID 7472 (E:\java\Github\TestRepo\target\classes started by DragonBoom in E:\java\Github\TestRepo)
2018-08-15 21:49:19  INFO --- [main] (SpringApplication.java:659) No active profile set, falling back to default profiles: default
2018-08-15 21:49:21  INFO --- [main] (DirectJDKLog.java:180) Initializing ProtocolHandler ["http-nio-8080"]
2018-08-15 21:49:21  INFO --- [main] (DirectJDKLog.java:180) Starting service [Tomcat]
2018-08-15 21:49:21  INFO --- [main] (DirectJDKLog.java:180) Starting Servlet Engine: Apache Tomcat/8.5.31
2018-08-15 21:49:21  INFO --- [localhost-startStop-1] (DirectJDKLog.java:180) The APR based Apache Tomcat Native library which allows optimal performance in production environments was not found on the java.library.path: [C:\Program Files\Java\jre1.8.0_162\bin;C:\WINDOWS\Sun\Java\bin;C:\WINDOWS\system32;C:\WINDOWS;C:/Program Files/Java/jre1.8.0_162/bin/server;C:/Program Files/Java/jre1.8.0_162/bin;C:/Program Files/Java/jre1.8.0_162/lib/amd64;C:\Program Files (x86)\Common Files\Oracle\Java\javapath;C:\ProgramData\Oracle\Java\javapath;C:\Program Files (x86)\Intel\iCLS Client\;C:\Program Files\Intel\iCLS Client\;C:\Windows\system32;C:\Windows;C:\Windows\System32\Wbem;C:\Windows\System32\WindowsPowerShell\v1.0\;C:\Program Files (x86)\NVIDIA Corporation\PhysX\Common;C:\Program Files (x86)\Intel\Intel(R) Management Engine Components\DAL;C:\Program Files\Intel\Intel(R) Management Engine Components\DAL;C:\Program Files (x86)\Intel\Intel(R) Management Engine Components\IPT;C:\Program Files\Intel\Intel(R) Management Engine Components\IPT;C:\Program Files\Intel\WiFi\bin\;C:\Program Files\Common Files\Intel\WirelessCommon\;C:\Program Files\Java\jdk1.8.0_162\bin;C:\Program Files\MySQL\MySQL Server 8.0\bin;D:\myApplication\nginx-1.12.2;C:\WINDOWS\system32;C:\WINDOWS;C:\WINDOWS\System32\Wbem;C:\WINDOWS\System32\WindowsPowerShell\v1.0\;C:\Program Files\MySQL\MySQL Server 8.0\bin;C:\Program Files\WinRAR;D:\myApplication\heritrix-3.2.0\bin;C:\WINDOWS\System32\OpenSSH\;C:\Program Files\nodejs\;C:\Program Files\Microsoft VS Code Insiders\bin;C:\Program Files\TortoiseSVN\bin;C:\Users\DragonBoom\AppData\Local\Programs\Python\Python36\Scripts\;C:\Users\DragonBoom\AppData\Local\Programs\Python\Python36\;C:\Users\DragonBoom\AppData\Local\Microsoft\WindowsApps;C:\Program Files\Bandizip\;C:\Program Files\Microsoft VS Code Insiders\bin;C:\Users\DragonBoom\AppData\Local\GitHubDesktop\bin;C:\Program Files\WinRAR;;C:\Users\DragonBoom\AppData\Local\Microsoft\WindowsApps;C:\Users\DragonBoom\AppData\Roaming\npm;C:\Users\DragonBoom\AppData\Local\Programs\Microsoft VS Code Insiders\bin;C:\Users\DragonBoom\Desktop;;.]
2018-08-15 21:49:21  INFO --- [localhost-startStop-1] (DirectJDKLog.java:180) Initializing Spring embedded WebApplicationContext
2018-08-15 21:49:21  INFO --- [main] (DirectJDKLog.java:180) Stopping service [Tomcat]
2018-08-15 21:49:48  INFO --- [main] (StartupInfoLogger.java:50) Starting Application on DESKTOP-FNJM48D with PID 1460 (E:\java\Github\TestRepo\target\classes started by DragonBoom in E:\java\Github\TestRepo)
2018-08-15 21:49:48  INFO --- [main] (SpringApplication.java:659) No active profile set, falling back to default profiles: default
2018-08-15 21:49:52  INFO --- [main] (DirectJDKLog.java:180) Initializing ProtocolHandler ["http-nio-8080"]
2018-08-15 21:49:52  INFO --- [main] (DirectJDKLog.java:180) Starting service [Tomcat]
2018-08-15 21:49:52  INFO --- [main] (DirectJDKLog.java:180) Starting Servlet Engine: Apache Tomcat/8.5.31
2018-08-15 21:49:52  INFO --- [localhost-startStop-1] (DirectJDKLog.java:180) The APR based Apache Tomcat Native library which allows optimal performance in production environments was not found on the java.library.path: [C:\Program Files\Java\jre1.8.0_162\bin;C:\WINDOWS\Sun\Java\bin;C:\WINDOWS\system32;C:\WINDOWS;C:/Program Files/Java/jre1.8.0_162/bin/server;C:/Program Files/Java/jre1.8.0_162/bin;C:/Program Files/Java/jre1.8.0_162/lib/amd64;C:\Program Files (x86)\Common Files\Oracle\Java\javapath;C:\ProgramData\Oracle\Java\javapath;C:\Program Files (x86)\Intel\iCLS Client\;C:\Program Files\Intel\iCLS Client\;C:\Windows\system32;C:\Windows;C:\Windows\System32\Wbem;C:\Windows\System32\WindowsPowerShell\v1.0\;C:\Program Files (x86)\NVIDIA Corporation\PhysX\Common;C:\Program Files (x86)\Intel\Intel(R) Management Engine Components\DAL;C:\Program Files\Intel\Intel(R) Management Engine Components\DAL;C:\Program Files (x86)\Intel\Intel(R) Management Engine Components\IPT;C:\Program Files\Intel\Intel(R) Management Engine Components\IPT;C:\Program Files\Intel\WiFi\bin\;C:\Program Files\Common Files\Intel\WirelessCommon\;C:\Program Files\Java\jdk1.8.0_162\bin;C:\Program Files\MySQL\MySQL Server 8.0\bin;D:\myApplication\nginx-1.12.2;C:\WINDOWS\system32;C:\WINDOWS;C:\WINDOWS\System32\Wbem;C:\WINDOWS\System32\WindowsPowerShell\v1.0\;C:\Program Files\MySQL\MySQL Server 8.0\bin;C:\Program Files\WinRAR;D:\myApplication\heritrix-3.2.0\bin;C:\WINDOWS\System32\OpenSSH\;C:\Program Files\nodejs\;C:\Program Files\Microsoft VS Code Insiders\bin;C:\Program Files\TortoiseSVN\bin;C:\Users\DragonBoom\AppData\Local\Programs\Python\Python36\Scripts\;C:\Users\DragonBoom\AppData\Local\Programs\Python\Python36\;C:\Users\DragonBoom\AppData\Local\Microsoft\WindowsApps;C:\Program Files\Bandizip\;C:\Program Files\Microsoft VS Code Insiders\bin;C:\Users\DragonBoom\AppData\Local\GitHubDesktop\bin;C:\Program Files\WinRAR;;C:\Users\DragonBoom\AppData\Local\Microsoft\WindowsApps;C:\Users\DragonBoom\AppData\Roaming\npm;C:\Users\DragonBoom\AppData\Local\Programs\Microsoft VS Code Insiders\bin;C:\Users\DragonBoom\Desktop;;.]
2018-08-15 21:49:52  INFO --- [localhost-startStop-1] (DirectJDKLog.java:180) Initializing Spring embedded WebApplicationContext
2018-08-15 21:49:55  INFO --- [main] (DirectJDKLog.java:180) Stopping service [Tomcat]
2018-08-15 21:50:39  INFO --- [main] (StartupInfoLogger.java:50) Starting Application on DESKTOP-FNJM48D with PID 13132 (E:\java\Github\TestRepo\target\classes started by DragonBoom in E:\java\Github\TestRepo)
2018-08-15 21:50:39  INFO --- [main] (SpringApplication.java:659) No active profile set, falling back to default profiles: default
2018-08-15 21:50:42  INFO --- [main] (DirectJDKLog.java:180) Initializing ProtocolHandler ["http-nio-8080"]
2018-08-15 21:50:42  INFO --- [main] (DirectJDKLog.java:180) Starting service [Tomcat]
2018-08-15 21:50:42  INFO --- [main] (DirectJDKLog.java:180) Starting Servlet Engine: Apache Tomcat/8.5.31
2018-08-15 21:50:42  INFO --- [localhost-startStop-1] (DirectJDKLog.java:180) The APR based Apache Tomcat Native library which allows optimal performance in production environments was not found on the java.library.path: [C:\Program Files\Java\jre1.8.0_162\bin;C:\WINDOWS\Sun\Java\bin;C:\WINDOWS\system32;C:\WINDOWS;C:/Program Files/Java/jre1.8.0_162/bin/server;C:/Program Files/Java/jre1.8.0_162/bin;C:/Program Files/Java/jre1.8.0_162/lib/amd64;C:\Program Files (x86)\Common Files\Oracle\Java\javapath;C:\ProgramData\Oracle\Java\javapath;C:\Program Files (x86)\Intel\iCLS Client\;C:\Program Files\Intel\iCLS Client\;C:\Windows\system32;C:\Windows;C:\Windows\System32\Wbem;C:\Windows\System32\WindowsPowerShell\v1.0\;C:\Program Files (x86)\NVIDIA Corporation\PhysX\Common;C:\Program Files (x86)\Intel\Intel(R) Management Engine Components\DAL;C:\Program Files\Intel\Intel(R) Management Engine Components\DAL;C:\Program Files (x86)\Intel\Intel(R) Management Engine Components\IPT;C:\Program Files\Intel\Intel(R) Management Engine Components\IPT;C:\Program Files\Intel\WiFi\bin\;C:\Program Files\Common Files\Intel\WirelessCommon\;C:\Program Files\Java\jdk1.8.0_162\bin;C:\Program Files\MySQL\MySQL Server 8.0\bin;D:\myApplication\nginx-1.12.2;C:\WINDOWS\system32;C:\WINDOWS;C:\WINDOWS\System32\Wbem;C:\WINDOWS\System32\WindowsPowerShell\v1.0\;C:\Program Files\MySQL\MySQL Server 8.0\bin;C:\Program Files\WinRAR;D:\myApplication\heritrix-3.2.0\bin;C:\WINDOWS\System32\OpenSSH\;C:\Program Files\nodejs\;C:\Program Files\Microsoft VS Code Insiders\bin;C:\Program Files\TortoiseSVN\bin;C:\Users\DragonBoom\AppData\Local\Programs\Python\Python36\Scripts\;C:\Users\DragonBoom\AppData\Local\Programs\Python\Python36\;C:\Users\DragonBoom\AppData\Local\Microsoft\WindowsApps;C:\Program Files\Bandizip\;C:\Program Files\Microsoft VS Code Insiders\bin;C:\Users\DragonBoom\AppData\Local\GitHubDesktop\bin;C:\Program Files\WinRAR;;C:\Users\DragonBoom\AppData\Local\Microsoft\WindowsApps;C:\Users\DragonBoom\AppData\Roaming\npm;C:\Users\DragonBoom\AppData\Local\Programs\Microsoft VS Code Insiders\bin;C:\Users\DragonBoom\Desktop;;.]
2018-08-15 21:50:43  INFO --- [localhost-startStop-1] (DirectJDKLog.java:180) Initializing Spring embedded WebApplicationContext
2018-08-15 21:50:45  INFO --- [main] (DirectJDKLog.java:180) Stopping service [Tomcat]
2018-08-15 21:51:43  INFO --- [main] (StartupInfoLogger.java:50) Starting Application on DESKTOP-FNJM48D with PID 4212 (E:\java\Github\TestRepo\target\classes started by DragonBoom in E:\java\Github\TestRepo)
2018-08-15 21:51:43  INFO --- [main] (SpringApplication.java:659) No active profile set, falling back to default profiles: default
2018-08-15 21:51:46  INFO --- [main] (DirectJDKLog.java:180) Initializing ProtocolHandler ["http-nio-8080"]
2018-08-15 21:51:46  INFO --- [main] (DirectJDKLog.java:180) Starting service [Tomcat]
2018-08-15 21:51:46  INFO --- [main] (DirectJDKLog.java:180) Starting Servlet Engine: Apache Tomcat/8.5.31
2018-08-15 21:51:46  INFO --- [localhost-startStop-1] (DirectJDKLog.java:180) The APR based Apache Tomcat Native library which allows optimal performance in production environments was not found on the java.library.path: [C:\Program Files\Java\jre1.8.0_162\bin;C:\WINDOWS\Sun\Java\bin;C:\WINDOWS\system32;C:\WINDOWS;C:/Program Files/Java/jre1.8.0_162/bin/server;C:/Program Files/Java/jre1.8.0_162/bin;C:/Program Files/Java/jre1.8.0_162/lib/amd64;C:\Program Files (x86)\Common Files\Oracle\Java\javapath;C:\ProgramData\Oracle\Java\javapath;C:\Program Files (x86)\Intel\iCLS Client\;C:\Program Files\Intel\iCLS Client\;C:\Windows\system32;C:\Windows;C:\Windows\System32\Wbem;C:\Windows\System32\WindowsPowerShell\v1.0\;C:\Program Files (x86)\NVIDIA Corporation\PhysX\Common;C:\Program Files (x86)\Intel\Intel(R) Management Engine Components\DAL;C:\Program Files\Intel\Intel(R) Management Engine Components\DAL;C:\Program Files (x86)\Intel\Intel(R) Management Engine Components\IPT;C:\Program Files\Intel\Intel(R) Management Engine Components\IPT;C:\Program Files\Intel\WiFi\bin\;C:\Program Files\Common Files\Intel\WirelessCommon\;C:\Program Files\Java\jdk1.8.0_162\bin;C:\Program Files\MySQL\MySQL Server 8.0\bin;D:\myApplication\nginx-1.12.2;C:\WINDOWS\system32;C:\WINDOWS;C:\WINDOWS\System32\Wbem;C:\WINDOWS\System32\WindowsPowerShell\v1.0\;C:\Program Files\MySQL\MySQL Server 8.0\bin;C:\Program Files\WinRAR;D:\myApplication\heritrix-3.2.0\bin;C:\WINDOWS\System32\OpenSSH\;C:\Program Files\nodejs\;C:\Program Files\Microsoft VS Code Insiders\bin;C:\Program Files\TortoiseSVN\bin;C:\Users\DragonBoom\AppData\Local\Programs\Python\Python36\Scripts\;C:\Users\DragonBoom\AppData\Local\Programs\Python\Python36\;C:\Users\DragonBoom\AppData\Local\Microsoft\WindowsApps;C:\Program Files\Bandizip\;C:\Program Files\Microsoft VS Code Insiders\bin;C:\Users\DragonBoom\AppData\Local\GitHubDesktop\bin;C:\Program Files\WinRAR;;C:\Users\DragonBoom\AppData\Local\Microsoft\WindowsApps;C:\Users\DragonBoom\AppData\Roaming\npm;C:\Users\DragonBoom\AppData\Local\Programs\Microsoft VS Code Insiders\bin;C:\Users\DragonBoom\Desktop;;.]
2018-08-15 21:51:47  INFO --- [localhost-startStop-1] (DirectJDKLog.java:180) Initializing Spring embedded WebApplicationContext
2018-08-15 21:51:54  INFO --- [main] (DirectJDKLog.java:180) Starting ProtocolHandler ["http-nio-8080"]
2018-08-15 21:51:54  INFO --- [main] (DirectJDKLog.java:180) Using a shared selector for servlet write/read
2018-08-15 21:51:54  INFO --- [main] (StartupInfoLogger.java:59) Started Application in 11.413 seconds (JVM running for 12.667)
2018-08-15 22:00:53  INFO --- [main] (StartupInfoLogger.java:50) Starting TotalTest on DESKTOP-FNJM48D with PID 14108 (started by DragonBoom in E:\java\Github\TestRepo)
2018-08-15 22:00:53  INFO --- [main] (SpringApplication.java:659) No active profile set, falling back to default profiles: default
2018-08-15 22:01:04  INFO --- [main] (StartupInfoLogger.java:59) Started TotalTest in 11.999 seconds (JVM running for 15.949)
2018-08-15 22:19:50  INFO --- [main] (StartupInfoLogger.java:50) Starting TotalTest on DESKTOP-FNJM48D with PID 2520 (started by DragonBoom in E:\java\Github\TestRepo)
2018-08-15 22:19:50  INFO --- [main] (SpringApplication.java:659) No active profile set, falling back to default profiles: default
2018-08-15 22:20:00  INFO --- [main] (StartupInfoLogger.java:59) Started TotalTest in 10.004 seconds (JVM running for 12.352)
2018-08-15 22:21:14  INFO --- [main] (StartupInfoLogger.java:50) Starting TotalTest on DESKTOP-FNJM48D with PID 10288 (started by DragonBoom in E:\java\Github\TestRepo)
2018-08-15 22:21:14  INFO --- [main] (SpringApplication.java:659) No active profile set, falling back to default profiles: default
2018-08-15 22:21:24  INFO --- [main] (StartupInfoLogger.java:59) Started TotalTest in 10.028 seconds (JVM running for 12.165)
2018-08-15 22:22:56  INFO --- [main] (StartupInfoLogger.java:50) Starting TotalTest on DESKTOP-FNJM48D with PID 11212 (started by DragonBoom in E:\java\Github\TestRepo)
2018-08-15 22:22:56  INFO --- [main] (SpringApplication.java:659) No active profile set, falling back to default profiles: default
2018-08-15 22:23:08  INFO --- [main] (StartupInfoLogger.java:59) Started TotalTest in 11.485 seconds (JVM running for 13.707)
2018-08-15 22:23:45  INFO --- [main] (StartupInfoLogger.java:50) Starting TotalTest on DESKTOP-FNJM48D with PID 14420 (started by DragonBoom in E:\java\Github\TestRepo)
2018-08-15 22:23:45  INFO --- [main] (SpringApplication.java:659) No active profile set, falling back to default profiles: default
2018-08-15 22:23:55  INFO --- [main] (StartupInfoLogger.java:59) Started TotalTest in 11.125 seconds (JVM running for 13.43)
2018-08-15 22:24:31  INFO --- [main] (StartupInfoLogger.java:50) Starting TotalTest on DESKTOP-FNJM48D with PID 3176 (started by DragonBoom in E:\java\Github\TestRepo)
2018-08-15 22:24:31  INFO --- [main] (SpringApplication.java:659) No active profile set, falling back to default profiles: default
2018-08-15 22:24:42  INFO --- [main] (StartupInfoLogger.java:59) Started TotalTest in 11.252 seconds (JVM running for 13.499)
2018-08-15 22:25:21  INFO --- [main] (StartupInfoLogger.java:50) Starting TotalTest on DESKTOP-FNJM48D with PID 2720 (started by DragonBoom in E:\java\Github\TestRepo)
2018-08-15 22:25:21  INFO --- [main] (SpringApplication.java:659) No active profile set, falling back to default profiles: default
2018-08-15 22:25:30  INFO --- [main] (StartupInfoLogger.java:59) Started TotalTest in 9.847 seconds (JVM running for 11.934)
2018-08-15 22:27:33  INFO --- [main] (StartupInfoLogger.java:50) Starting TotalTest on DESKTOP-FNJM48D with PID 13784 (started by DragonBoom in E:\java\Github\TestRepo)
2018-08-15 22:27:33  INFO --- [main] (SpringApplication.java:659) No active profile set, falling back to default profiles: default
2018-08-15 22:27:43  INFO --- [main] (StartupInfoLogger.java:59) Started TotalTest in 9.972 seconds (JVM running for 12.119)
2018-08-15 22:28:32  INFO --- [main] (StartupInfoLogger.java:50) Starting TotalTest on DESKTOP-FNJM48D with PID 3384 (started by DragonBoom in E:\java\Github\TestRepo)
2018-08-15 22:28:32  INFO --- [main] (SpringApplication.java:659) No active profile set, falling back to default profiles: default
2018-08-15 22:28:43  INFO --- [main] (StartupInfoLogger.java:59) Started TotalTest in 11.453 seconds (JVM running for 13.531)
2018-08-15 22:30:24  INFO --- [main] (StartupInfoLogger.java:50) Starting TotalTest on DESKTOP-FNJM48D with PID 4396 (started by DragonBoom in E:\java\Github\TestRepo)
2018-08-15 22:30:24  INFO --- [main] (SpringApplication.java:659) No active profile set, falling back to default profiles: default
2018-08-15 22:30:36  INFO --- [main] (StartupInfoLogger.java:59) Started TotalTest in 12.226 seconds (JVM running for 14.42)
2018-08-15 22:31:02  INFO --- [main] (StartupInfoLogger.java:50) Starting TotalTest on DESKTOP-FNJM48D with PID 6100 (started by DragonBoom in E:\java\Github\TestRepo)
2018-08-15 22:31:02  INFO --- [main] (SpringApplication.java:659) No active profile set, falling back to default profiles: default
2018-08-15 22:31:11  INFO --- [main] (StartupInfoLogger.java:59) Started TotalTest in 9.487 seconds (JVM running for 11.623)
2018-08-15 22:32:31  INFO --- [main] (StartupInfoLogger.java:50) Starting TotalTest on DESKTOP-FNJM48D with PID 16024 (started by DragonBoom in E:\java\Github\TestRepo)
2018-08-15 22:32:31  INFO --- [main] (SpringApplication.java:659) No active profile set, falling back to default profiles: default
2018-08-15 22:32:43  INFO --- [main] (StartupInfoLogger.java:59) Started TotalTest in 11.928 seconds (JVM running for 14.695)
2018-08-15 22:33:05  INFO --- [main] (StartupInfoLogger.java:50) Starting TotalTest on DESKTOP-FNJM48D with PID 15764 (started by DragonBoom in E:\java\Github\TestRepo)
2018-08-15 22:33:05  INFO --- [main] (SpringApplication.java:659) No active profile set, falling back to default profiles: default
2018-08-15 22:33:15  INFO --- [main] (StartupInfoLogger.java:59) Started TotalTest in 11.293 seconds (JVM running for 14.963)
2018-08-15 22:33:35  INFO --- [main] (StartupInfoLogger.java:50) Starting TotalTest on DESKTOP-FNJM48D with PID 14616 (started by DragonBoom in E:\java\Github\TestRepo)
2018-08-15 22:33:35  INFO --- [main] (SpringApplication.java:659) No active profile set, falling back to default profiles: default
2018-08-15 22:33:47  INFO --- [main] (StartupInfoLogger.java:59) Started TotalTest in 12.085 seconds (JVM running for 14.516)
2018-08-15 22:35:23  INFO --- [main] (StartupInfoLogger.java:50) Starting TotalTest on DESKTOP-FNJM48D with PID 2088 (started by DragonBoom in E:\java\Github\TestRepo)
2018-08-15 22:35:23  INFO --- [main] (SpringApplication.java:659) No active profile set, falling back to default profiles: default
2018-08-15 22:35:33  INFO --- [main] (StartupInfoLogger.java:59) Started TotalTest in 9.946 seconds (JVM running for 11.998)
2018-08-15 22:35:54  INFO --- [main] (StartupInfoLogger.java:50) Starting TotalTest on DESKTOP-FNJM48D with PID 14260 (started by DragonBoom in E:\java\Github\TestRepo)
2018-08-15 22:35:54  INFO --- [main] (SpringApplication.java:659) No active profile set, falling back to default profiles: default
2018-08-15 22:36:03  INFO --- [main] (StartupInfoLogger.java:59) Started TotalTest in 9.652 seconds (JVM running for 11.731)
2018-08-15 22:36:34  INFO --- [main] (StartupInfoLogger.java:50) Starting TotalTest on DESKTOP-FNJM48D with PID 14060 (started by DragonBoom in E:\java\Github\TestRepo)
2018-08-15 22:36:34  INFO --- [main] (SpringApplication.java:659) No active profile set, falling back to default profiles: default
2018-08-15 22:36:44  INFO --- [main] (StartupInfoLogger.java:59) Started TotalTest in 10.557 seconds (JVM running for 12.707)
2018-08-15 22:36:54  INFO --- [main] (StartupInfoLogger.java:50) Starting TotalTest on DESKTOP-FNJM48D with PID 3288 (started by DragonBoom in E:\java\Github\TestRepo)
2018-08-15 22:36:54  INFO --- [main] (SpringApplication.java:659) No active profile set, falling back to default profiles: default
2018-08-15 22:37:03  INFO --- [main] (StartupInfoLogger.java:59) Started TotalTest in 9.604 seconds (JVM running for 11.706)
2018-08-15 22:37:25  INFO --- [main] (StartupInfoLogger.java:50) Starting TotalTest on DESKTOP-FNJM48D with PID 6916 (started by DragonBoom in E:\java\Github\TestRepo)
2018-08-15 22:37:25  INFO --- [main] (SpringApplication.java:659) No active profile set, falling back to default profiles: default
2018-08-15 22:37:35  INFO --- [main] (StartupInfoLogger.java:59) Started TotalTest in 9.423 seconds (JVM running for 11.471)
2018-08-15 22:39:52  INFO --- [main] (StartupInfoLogger.java:50) Starting TotalTest on DESKTOP-FNJM48D with PID 2752 (started by DragonBoom in E:\java\Github\TestRepo)
2018-08-15 22:39:52  INFO --- [main] (SpringApplication.java:659) No active profile set, falling back to default profiles: default
2018-08-15 22:40:02  INFO --- [main] (StartupInfoLogger.java:59) Started TotalTest in 10.017 seconds (JVM running for 12.115)
2018-08-15 22:40:28  INFO --- [main] (StartupInfoLogger.java:50) Starting TotalTest on DESKTOP-FNJM48D with PID 13016 (started by DragonBoom in E:\java\Github\TestRepo)
2018-08-15 22:40:28  INFO --- [main] (SpringApplication.java:659) No active profile set, falling back to default profiles: default
2018-08-15 22:40:38  INFO --- [main] (StartupInfoLogger.java:59) Started TotalTest in 10.829 seconds (JVM running for 12.877)
2018-08-15 22:41:08  INFO --- [main] (StartupInfoLogger.java:50) Starting TotalTest on DESKTOP-FNJM48D with PID 4484 (started by DragonBoom in E:\java\Github\TestRepo)
2018-08-15 22:41:08  INFO --- [main] (SpringApplication.java:659) No active profile set, falling back to default profiles: default
2018-08-15 22:41:18  INFO --- [main] (StartupInfoLogger.java:59) Started TotalTest in 10.65 seconds (JVM running for 12.603)
2018-08-15 22:43:38  INFO --- [main] (StartupInfoLogger.java:50) Starting TotalTest on DESKTOP-FNJM48D with PID 4200 (started by DragonBoom in E:\java\Github\TestRepo)
2018-08-15 22:43:38  INFO --- [main] (SpringApplication.java:659) No active profile set, falling back to default profiles: default
2018-08-15 22:43:49  INFO --- [main] (StartupInfoLogger.java:59) Started TotalTest in 10.418 seconds (JVM running for 12.643)
2018-08-15 22:44:17  INFO --- [main] (StartupInfoLogger.java:50) Starting TotalTest on DESKTOP-FNJM48D with PID 14612 (started by DragonBoom in E:\java\Github\TestRepo)
2018-08-15 22:44:17  INFO --- [main] (SpringApplication.java:659) No active profile set, falling back to default profiles: default
2018-08-15 22:44:27  INFO --- [main] (StartupInfoLogger.java:59) Started TotalTest in 10.883 seconds (JVM running for 12.903)
2018-08-15 22:44:50  INFO --- [main] (StartupInfoLogger.java:50) Starting TotalTest on DESKTOP-FNJM48D with PID 14664 (started by DragonBoom in E:\java\Github\TestRepo)
2018-08-15 22:44:50  INFO --- [main] (SpringApplication.java:659) No active profile set, falling back to default profiles: default
2018-08-15 22:45:02  INFO --- [main] (StartupInfoLogger.java:59) Started TotalTest in 12.586 seconds (JVM running for 14.964)
2018-08-15 22:45:57  INFO --- [main] (StartupInfoLogger.java:50) Starting TotalTest on DESKTOP-FNJM48D with PID 11200 (started by DragonBoom in E:\java\Github\TestRepo)
2018-08-15 22:45:57  INFO --- [main] (SpringApplication.java:659) No active profile set, falling back to default profiles: default
2018-08-15 22:46:06  INFO --- [main] (StartupInfoLogger.java:59) Started TotalTest in 9.361 seconds (JVM running for 11.259)
2018-08-15 22:46:26  INFO --- [main] (StartupInfoLogger.java:50) Starting TotalTest on DESKTOP-FNJM48D with PID 2288 (started by DragonBoom in E:\java\Github\TestRepo)
2018-08-15 22:46:26  INFO --- [main] (SpringApplication.java:659) No active profile set, falling back to default profiles: default
2018-08-15 22:46:35  INFO --- [main] (StartupInfoLogger.java:59) Started TotalTest in 10.075 seconds (JVM running for 12.322)
2018-08-15 22:46:57  INFO --- [main] (StartupInfoLogger.java:50) Starting TotalTest on DESKTOP-FNJM48D with PID 4396 (started by DragonBoom in E:\java\Github\TestRepo)
2018-08-15 22:46:57  INFO --- [main] (SpringApplication.java:659) No active profile set, falling back to default profiles: default
2018-08-15 22:47:09  INFO --- [main] (StartupInfoLogger.java:59) Started TotalTest in 13.081 seconds (JVM running for 14.945)
2018-08-15 22:48:21  INFO --- [main] (StartupInfoLogger.java:50) Starting TotalTest on DESKTOP-FNJM48D with PID 14256 (started by DragonBoom in E:\java\Github\TestRepo)
2018-08-15 22:48:21  INFO --- [main] (SpringApplication.java:659) No active profile set, falling back to default profiles: default
2018-08-15 22:48:32  INFO --- [main] (StartupInfoLogger.java:59) Started TotalTest in 10.964 seconds (JVM running for 13.063)
2018-08-15 22:49:06  INFO --- [main] (StartupInfoLogger.java:50) Starting TotalTest on DESKTOP-FNJM48D with PID 12836 (started by DragonBoom in E:\java\Github\TestRepo)
2018-08-15 22:49:06  INFO --- [main] (SpringApplication.java:659) No active profile set, falling back to default profiles: default
2018-08-15 22:49:17  INFO --- [main] (StartupInfoLogger.java:59) Started TotalTest in 11.349 seconds (JVM running for 13.523)
