2018-08-15 21:43:10  WARN --- [main] (AbstractApplicationContext.java:558) Exception encountered during context initialization - cancelling refresh attempt: org.springframework.beans.factory.UnsatisfiedDependencyException: Error creating bean with name 'org.springframework.boot.autoconfigure.orm.jpa.HibernateJpaConfiguration': Unsatisfied dependency expressed through constructor parameter 0; nested exception is org.springframework.beans.factory.UnsatisfiedDependencyException: Error creating bean with name 'myConfiguration': Unsatisfied dependency expressed through field 'dataSrouce'; nested exception is org.springframework.beans.factory.BeanCurrentlyInCreationException: Error creating bean with name 'dataSource': Requested bean is currently in creation: Is there an unresolvable circular reference?
2018-08-15 21:49:21  WARN --- [main] (AbstractApplicationContext.java:558) Exception encountered during context initialization - cancelling refresh attempt: org.springframework.beans.factory.UnsatisfiedDependencyException: Error creating bean with name 'org.springframework.boot.autoconfigure.orm.jpa.HibernateJpaConfiguration': Unsatisfied dependency expressed through constructor parameter 0; nested exception is org.springframework.beans.factory.UnsatisfiedDependencyException: Error creating bean with name 'myConfiguration': Unsatisfied dependency expressed through field 'dataSrouce'; nested exception is org.springframework.beans.factory.BeanCurrentlyInCreationException: Error creating bean with name 'dataSource': Requested bean is currently in creation: Is there an unresolvable circular reference?
2018-08-15 21:49:54  WARN --- [main] (HikariConfig.java:1051) HikariPool-1 - using dataSourceClassName and ignoring jdbcUrl.
2018-08-15 21:49:54  WARN --- [main] (JdbcEnvironmentInitiator.java:132) HHH000342: Could not obtain connection to query metadata : java.lang.ClassCastException: Cannot cast com.mysql.jdbc.Driver to javax.sql.DataSource
2018-08-15 21:49:55  WARN --- [main] (HikariConfig.java:1051) HikariPool-1 - using dataSourceClassName and ignoring jdbcUrl.
2018-08-15 21:49:55  WARN --- [main] (AbstractApplicationContext.java:558) Exception encountered during context initialization - cancelling refresh attempt: org.springframework.beans.factory.BeanCreationException: Error creating bean with name 'entityManagerFactory' defined in class path resource [org/springframework/boot/autoconfigure/orm/jpa/HibernateJpaConfiguration.class]: Invocation of init method failed; nested exception is javax.persistence.PersistenceException: [PersistenceUnit: default] Unable to build Hibernate SessionFactory; nested exception is java.lang.RuntimeException: java.lang.ClassCastException: Cannot cast com.mysql.jdbc.Driver to javax.sql.DataSource
2018-08-15 21:50:44  WARN --- [main] (JdbcEnvironmentInitiator.java:132) HHH000342: Could not obtain connection to query metadata : Driver com.mysql.jdbc.Driver claims to not accept jdbcUrl, jdbc:mysql:198.13.46.136/test?serverTimezone=Hongkong&useSSL=false&useUnicode=true&characterEncoding=UTF-8
2018-08-15 21:50:45  WARN --- [main] (AbstractApplicationContext.java:558) Exception encountered during context initialization - cancelling refresh attempt: org.springframework.beans.factory.BeanCreationException: Error creating bean with name 'entityManagerFactory' defined in class path resource [org/springframework/boot/autoconfigure/orm/jpa/HibernateJpaConfiguration.class]: Invocation of init method failed; nested exception is javax.persistence.PersistenceException: [PersistenceUnit: default] Unable to build Hibernate SessionFactory; nested exception is java.lang.RuntimeException: Driver com.mysql.jdbc.Driver claims to not accept jdbcUrl, jdbc:mysql:198.13.46.136/test?serverTimezone=Hongkong&useSSL=false&useUnicode=true&characterEncoding=UTF-8
2018-08-15 21:51:52  WARN --- [main] (JpaBaseConfiguration.java:235) spring.jpa.open-in-view is enabled by default. Therefore, database queries may be performed during view rendering. Explicitly configure spring.jpa.open-in-view to disable this warning
2018-08-15 22:01:03  WARN --- [main] (JpaBaseConfiguration.java:235) spring.jpa.open-in-view is enabled by default. Therefore, database queries may be performed during view rendering. Explicitly configure spring.jpa.open-in-view to disable this warning
2018-08-15 22:19:58  WARN --- [main] (JpaBaseConfiguration.java:235) spring.jpa.open-in-view is enabled by default. Therefore, database queries may be performed during view rendering. Explicitly configure spring.jpa.open-in-view to disable this warning
2018-08-15 22:21:22  WARN --- [main] (JpaBaseConfiguration.java:235) spring.jpa.open-in-view is enabled by default. Therefore, database queries may be performed during view rendering. Explicitly configure spring.jpa.open-in-view to disable this warning
2018-08-15 22:23:06  WARN --- [main] (JpaBaseConfiguration.java:235) spring.jpa.open-in-view is enabled by default. Therefore, database queries may be performed during view rendering. Explicitly configure spring.jpa.open-in-view to disable this warning
2018-08-15 22:23:53  WARN --- [main] (JpaBaseConfiguration.java:235) spring.jpa.open-in-view is enabled by default. Therefore, database queries may be performed during view rendering. Explicitly configure spring.jpa.open-in-view to disable this warning
2018-08-15 22:24:40  WARN --- [main] (JpaBaseConfiguration.java:235) spring.jpa.open-in-view is enabled by default. Therefore, database queries may be performed during view rendering. Explicitly configure spring.jpa.open-in-view to disable this warning
2018-08-15 22:25:29  WARN --- [main] (JpaBaseConfiguration.java:235) spring.jpa.open-in-view is enabled by default. Therefore, database queries may be performed during view rendering. Explicitly configure spring.jpa.open-in-view to disable this warning
2018-08-15 22:27:41  WARN --- [main] (JpaBaseConfiguration.java:235) spring.jpa.open-in-view is enabled by default. Therefore, database queries may be performed during view rendering. Explicitly configure spring.jpa.open-in-view to disable this warning
2018-08-15 22:28:41  WARN --- [main] (JpaBaseConfiguration.java:235) spring.jpa.open-in-view is enabled by default. Therefore, database queries may be performed during view rendering. Explicitly configure spring.jpa.open-in-view to disable this warning
2018-08-15 22:30:34  WARN --- [main] (JpaBaseConfiguration.java:235) spring.jpa.open-in-view is enabled by default. Therefore, database queries may be performed during view rendering. Explicitly configure spring.jpa.open-in-view to disable this warning
2018-08-15 22:31:09  WARN --- [main] (JpaBaseConfiguration.java:235) spring.jpa.open-in-view is enabled by default. Therefore, database queries may be performed during view rendering. Explicitly configure spring.jpa.open-in-view to disable this warning
2018-08-15 22:32:41  WARN --- [main] (JpaBaseConfiguration.java:235) spring.jpa.open-in-view is enabled by default. Therefore, database queries may be performed during view rendering. Explicitly configure spring.jpa.open-in-view to disable this warning
2018-08-15 22:33:13  WARN --- [main] (JpaBaseConfiguration.java:235) spring.jpa.open-in-view is enabled by default. Therefore, database queries may be performed during view rendering. Explicitly configure spring.jpa.open-in-view to disable this warning
2018-08-15 22:33:44  WARN --- [main] (JpaBaseConfiguration.java:235) spring.jpa.open-in-view is enabled by default. Therefore, database queries may be performed during view rendering. Explicitly configure spring.jpa.open-in-view to disable this warning
2018-08-15 22:35:31  WARN --- [main] (JpaBaseConfiguration.java:235) spring.jpa.open-in-view is enabled by default. Therefore, database queries may be performed during view rendering. Explicitly configure spring.jpa.open-in-view to disable this warning
2018-08-15 22:36:02  WARN --- [main] (JpaBaseConfiguration.java:235) spring.jpa.open-in-view is enabled by default. Therefore, database queries may be performed during view rendering. Explicitly configure spring.jpa.open-in-view to disable this warning
2018-08-15 22:36:43  WARN --- [main] (JpaBaseConfiguration.java:235) spring.jpa.open-in-view is enabled by default. Therefore, database queries may be performed during view rendering. Explicitly configure spring.jpa.open-in-view to disable this warning
2018-08-15 22:37:02  WARN --- [main] (JpaBaseConfiguration.java:235) spring.jpa.open-in-view is enabled by default. Therefore, database queries may be performed during view rendering. Explicitly configure spring.jpa.open-in-view to disable this warning
2018-08-15 22:37:33  WARN --- [main] (JpaBaseConfiguration.java:235) spring.jpa.open-in-view is enabled by default. Therefore, database queries may be performed during view rendering. Explicitly configure spring.jpa.open-in-view to disable this warning
2018-08-15 22:40:00  WARN --- [main] (JpaBaseConfiguration.java:235) spring.jpa.open-in-view is enabled by default. Therefore, database queries may be performed during view rendering. Explicitly configure spring.jpa.open-in-view to disable this warning
2018-08-15 22:40:37  WARN --- [main] (JpaBaseConfiguration.java:235) spring.jpa.open-in-view is enabled by default. Therefore, database queries may be performed during view rendering. Explicitly configure spring.jpa.open-in-view to disable this warning
2018-08-15 22:41:17  WARN --- [main] (JpaBaseConfiguration.java:235) spring.jpa.open-in-view is enabled by default. Therefore, database queries may be performed during view rendering. Explicitly configure spring.jpa.open-in-view to disable this warning
2018-08-15 22:43:47  WARN --- [main] (JpaBaseConfiguration.java:235) spring.jpa.open-in-view is enabled by default. Therefore, database queries may be performed during view rendering. Explicitly configure spring.jpa.open-in-view to disable this warning
2018-08-15 22:44:25  WARN --- [main] (JpaBaseConfiguration.java:235) spring.jpa.open-in-view is enabled by default. Therefore, database queries may be performed during view rendering. Explicitly configure spring.jpa.open-in-view to disable this warning
2018-08-15 22:45:00  WARN --- [main] (JpaBaseConfiguration.java:235) spring.jpa.open-in-view is enabled by default. Therefore, database queries may be performed during view rendering. Explicitly configure spring.jpa.open-in-view to disable this warning
2018-08-15 22:46:04  WARN --- [main] (JpaBaseConfiguration.java:235) spring.jpa.open-in-view is enabled by default. Therefore, database queries may be performed during view rendering. Explicitly configure spring.jpa.open-in-view to disable this warning
2018-08-15 22:46:34  WARN --- [main] (JpaBaseConfiguration.java:235) spring.jpa.open-in-view is enabled by default. Therefore, database queries may be performed during view rendering. Explicitly configure spring.jpa.open-in-view to disable this warning
2018-08-15 22:47:07  WARN --- [main] (JpaBaseConfiguration.java:235) spring.jpa.open-in-view is enabled by default. Therefore, database queries may be performed during view rendering. Explicitly configure spring.jpa.open-in-view to disable this warning
2018-08-15 22:48:30  WARN --- [main] (JpaBaseConfiguration.java:235) spring.jpa.open-in-view is enabled by default. Therefore, database queries may be performed during view rendering. Explicitly configure spring.jpa.open-in-view to disable this warning
2018-08-15 22:49:16  WARN --- [main] (JpaBaseConfiguration.java:235) spring.jpa.open-in-view is enabled by default. Therefore, database queries may be performed during view rendering. Explicitly configure spring.jpa.open-in-view to disable this warning
